TN:
SF:jest.config.js
FNF:0
FNH:0
DA:1,0
LF:1
LH:0
BRF:0
BRH:0
end_of_record
TN:
SF:next.config.js
FN:1,(anonymous_0)
FNF:1
FNH:0
FNDA:0,(anonymous_0)
DA:1,0
DA:2,0
DA:11,0
LF:3
LH:0
BRF:0
BRH:0
end_of_record
TN:
SF:.next/server/webpack-runtime.js
FN:9,(anonymous_0)
FN:17,__webpack_require__
FN:48,(anonymous_2)
FN:50,(anonymous_3)
FN:52,(anonymous_4)
FN:53,(anonymous_5)
FN:60,(anonymous_6)
FN:62,(anonymous_7)
FN:72,(anonymous_8)
FN:76,(anonymous_9)
FN:77,(anonymous_10)
FN:85,(anonymous_11)
FN:87,(anonymous_12)
FN:94,(anonymous_13)
FN:95,(anonymous_14)
FN:99,(anonymous_15)
FN:101,(anonymous_16)
FN:110,(anonymous_17)
FN:111,(anonymous_18)
FN:114,(anonymous_19)
FN:122,(anonymous_20)
FN:133,(anonymous_21)
FN:147,(anonymous_22)
FNF:23
FNH:0
FNDA:0,(anonymous_0)
FNDA:0,__webpack_require__
FNDA:0,(anonymous_2)
FNDA:0,(anonymous_3)
FNDA:0,(anonymous_4)
FNDA:0,(anonymous_5)
FNDA:0,(anonymous_6)
FNDA:0,(anonymous_7)
FNDA:0,(anonymous_8)
FNDA:0,(anonymous_9)
FNDA:0,(anonymous_10)
FNDA:0,(anonymous_11)
FNDA:0,(anonymous_12)
FNDA:0,(anonymous_13)
FNDA:0,(anonymous_14)
FNDA:0,(anonymous_15)
FNDA:0,(anonymous_16)
FNDA:0,(anonymous_17)
FNDA:0,(anonymous_18)
FNDA:0,(anonymous_19)
FNDA:0,(anonymous_20)
FNDA:0,(anonymous_21)
FNDA:0,(anonymous_22)
DA:9,0
DA:11,0
DA:14,0
DA:19,0
DA:20,0
DA:21,0
DA:24,0
DA:31,0
DA:32,0
DA:33,0
DA:34,0
DA:36,0
DA:40,0
DA:44,0
DA:48,0
DA:50,0
DA:51,0
DA:52,0
DA:53,0
DA:54,0
DA:55,0
DA:60,0
DA:62,0
DA:63,0
DA:64,0
DA:65,0
DA:72,0
DA:73,0
DA:76,0
DA:77,0
DA:78,0
DA:79,0
DA:85,0
DA:87,0
DA:89,0
DA:94,0
DA:95,0
DA:99,0
DA:101,0
DA:102,0
DA:103,0
DA:105,0
DA:110,0
DA:111,0
DA:113,0
DA:114,0
DA:115,0
DA:116,0
DA:117,0
DA:122,0
DA:127,0
DA:133,0
DA:134,0
DA:135,0
DA:136,0
DA:137,0
DA:140,0
DA:141,0
DA:142,0
DA:147,0
DA:149,0
DA:150,0
DA:151,0
DA:152,0
DA:156,0
DA:157,0
LF:66
LH:0
BRDA:20,0,0,0
BRDA:20,0,1,0
BRDA:36,1,0,0
BRDA:36,1,1,0
BRDA:51,2,0,0
BRDA:51,2,1,0
BRDA:51,3,0,0
BRDA:51,3,1,0
BRDA:64,4,0,0
BRDA:64,4,1,0
BRDA:64,5,0,0
BRDA:64,5,1,0
BRDA:102,6,0,0
BRDA:102,6,1,0
BRDA:102,7,0,0
BRDA:102,7,1,0
BRDA:114,8,0,0
BRDA:114,8,1,0
BRDA:117,9,0,0
BRDA:117,9,1,0
BRDA:136,10,0,0
BRDA:136,10,1,0
BRDA:140,11,0,0
BRDA:140,11,1,0
BRDA:149,12,0,0
BRDA:149,12,1,0
BRDA:150,13,0,0
BRDA:150,13,1,0
BRF:28
BRH:0
end_of_record
TN:
SF:.next/server/pages/About.js
FN:9,(anonymous_0)
FN:19,(anonymous_1)
FN:30,(anonymous_2)
FN:41,(anonymous_3)
FN:52,(anonymous_4)
FN:63,(anonymous_5)
FN:74,(anonymous_6)
FN:79,(anonymous_7)
FN:90,(anonymous_8)
FN:101,(anonymous_9)
FN:106,(anonymous_10)
FN:117,(anonymous_11)
FN:128,(anonymous_12)
FN:133,(anonymous_13)
FN:144,(anonymous_14)
FN:155,(anonymous_15)
FN:160,(anonymous_16)
FN:171,(anonymous_17)
FN:182,(anonymous_18)
FN:187,(anonymous_19)
FN:198,(anonymous_20)
FN:209,(anonymous_21)
FN:220,(anonymous_22)
FN:231,(anonymous_23)
FN:242,(anonymous_24)
FN:253,(anonymous_25)
FN:264,(anonymous_26)
FN:275,(anonymous_27)
FN:286,(anonymous_28)
FN:297,(anonymous_29)
FN:308,(anonymous_30)
FN:319,(anonymous_31)
FN:330,(anonymous_32)
FN:341,(anonymous_33)
FN:352,(anonymous_34)
FN:363,(anonymous_35)
FN:374,(anonymous_36)
FN:385,(anonymous_37)
FN:396,(anonymous_38)
FN:407,(anonymous_39)
FN:418,(anonymous_40)
FN:429,(anonymous_41)
FN:440,(anonymous_42)
FN:451,(anonymous_43)
FN:462,(anonymous_44)
FN:473,(anonymous_45)
FN:484,(anonymous_46)
FN:495,(anonymous_47)
FN:506,(anonymous_48)
FN:517,(anonymous_49)
FN:528,(anonymous_50)
FN:539,(anonymous_51)
FN:550,(anonymous_52)
FN:561,(anonymous_53)
FN:574,(anonymous_54)
FNF:55
FNH:0
FNDA:0,(anonymous_0)
FNDA:0,(anonymous_1)
FNDA:0,(anonymous_2)
FNDA:0,(anonymous_3)
FNDA:0,(anonymous_4)
FNDA:0,(anonymous_5)
FNDA:0,(anonymous_6)
FNDA:0,(anonymous_7)
FNDA:0,(anonymous_8)
FNDA:0,(anonymous_9)
FNDA:0,(anonymous_10)
FNDA:0,(anonymous_11)
FNDA:0,(anonymous_12)
FNDA:0,(anonymous_13)
FNDA:0,(anonymous_14)
FNDA:0,(anonymous_15)
FNDA:0,(anonymous_16)
FNDA:0,(anonymous_17)
FNDA:0,(anonymous_18)
FNDA:0,(anonymous_19)
FNDA:0,(anonymous_20)
FNDA:0,(anonymous_21)
FNDA:0,(anonymous_22)
FNDA:0,(anonymous_23)
FNDA:0,(anonymous_24)
FNDA:0,(anonymous_25)
FNDA:0,(anonymous_26)
FNDA:0,(anonymous_27)
FNDA:0,(anonymous_28)
FNDA:0,(anonymous_29)
FNDA:0,(anonymous_30)
FNDA:0,(anonymous_31)
FNDA:0,(anonymous_32)
FNDA:0,(anonymous_33)
FNDA:0,(anonymous_34)
FNDA:0,(anonymous_35)
FNDA:0,(anonymous_36)
FNDA:0,(anonymous_37)
FNDA:0,(anonymous_38)
FNDA:0,(anonymous_39)
FNDA:0,(anonymous_40)
FNDA:0,(anonymous_41)
FNDA:0,(anonymous_42)
FNDA:0,(anonymous_43)
FNDA:0,(anonymous_44)
FNDA:0,(anonymous_45)
FNDA:0,(anonymous_46)
FNDA:0,(anonymous_47)
FNDA:0,(anonymous_48)
FNDA:0,(anonymous_49)
FNDA:0,(anonymous_50)
FNDA:0,(anonymous_51)
FNDA:0,(anonymous_52)
FNDA:0,(anonymous_53)
FNDA:0,(anonymous_54)
DA:9,0
DA:10,0
DA:11,0
DA:12,0
DA:13,0
DA:22,0
DA:33,0
DA:44,0
DA:55,0
DA:66,0
DA:77,0
DA:78,0
DA:79,0
DA:81,0
DA:93,0
DA:104,0
DA:105,0
DA:106,0
DA:108,0
DA:120,0
DA:131,0
DA:132,0
DA:133,0
DA:135,0
DA:147,0
DA:158,0
DA:159,0
DA:160,0
DA:162,0
DA:174,0
DA:185,0
DA:186,0
DA:187,0
DA:189,0
DA:201,0
DA:212,0
DA:223,0
DA:234,0
DA:245,0
DA:256,0
DA:267,0
DA:278,0
DA:289,0
DA:300,0
DA:311,0
DA:322,0
DA:333,0
DA:344,0
DA:355,0
DA:366,0
DA:377,0
DA:388,0
DA:399,0
DA:410,0
DA:421,0
DA:432,0
DA:443,0
DA:454,0
DA:465,0
DA:476,0
DA:487,0
DA:498,0
DA:509,0
DA:520,0
DA:531,0
DA:542,0
DA:553,0
DA:564,0
DA:572,0
DA:573,0
DA:574,0
DA:575,0
DA:576,0
LF:73
LH:0
BRF:0
BRH:0
end_of_record
TN:
SF:.next/server/pages/Compra.js
FN:9,(anonymous_0)
FN:19,(anonymous_1)
FN:30,(anonymous_2)
FN:41,(anonymous_3)
FN:52,(anonymous_4)
FN:63,(anonymous_5)
FN:74,(anonymous_6)
FN:85,(anonymous_7)
FN:96,(anonymous_8)
FN:107,(anonymous_9)
FN:118,(anonymous_10)
FN:129,(anonymous_11)
FN:142,(anonymous_12)
FNF:13
FNH:0
FNDA:0,(anonymous_0)
FNDA:0,(anonymous_1)
FNDA:0,(anonymous_2)
FNDA:0,(anonymous_3)
FNDA:0,(anonymous_4)
FNDA:0,(anonymous_5)
FNDA:0,(anonymous_6)
FNDA:0,(anonymous_7)
FNDA:0,(anonymous_8)
FNDA:0,(anonymous_9)
FNDA:0,(anonymous_10)
FNDA:0,(anonymous_11)
FNDA:0,(anonymous_12)
DA:9,0
DA:10,0
DA:11,0
DA:12,0
DA:13,0
DA:22,0
DA:33,0
DA:44,0
DA:55,0
DA:66,0
DA:77,0
DA:88,0
DA:99,0
DA:110,0
DA:121,0
DA:132,0
DA:140,0
DA:141,0
DA:142,0
DA:143,0
DA:144,0
LF:21
LH:0
BRF:0
BRH:0
end_of_record
TN:
SF:.next/server/pages/Login.js
FN:9,(anonymous_0)
FN:19,(anonymous_1)
FN:30,(anonymous_2)
FN:41,(anonymous_3)
FN:52,(anonymous_4)
FN:63,(anonymous_5)
FN:74,(anonymous_6)
FN:85,(anonymous_7)
FN:96,(anonymous_8)
FN:107,(anonymous_9)
FN:118,(anonymous_10)
FN:129,(anonymous_11)
FN:140,(anonymous_12)
FN:151,(anonymous_13)
FN:162,(anonymous_14)
FN:173,(anonymous_15)
FN:184,(anonymous_16)
FN:195,(anonymous_17)
FN:206,(anonymous_18)
FN:217,(anonymous_19)
FN:222,(anonymous_20)
FN:233,(anonymous_21)
FN:244,(anonymous_22)
FN:249,(anonymous_23)
FN:260,(anonymous_24)
FN:271,(anonymous_25)
FN:276,(anonymous_26)
FN:287,(anonymous_27)
FN:298,(anonymous_28)
FN:303,(anonymous_29)
FN:314,(anonymous_30)
FN:325,(anonymous_31)
FN:336,(anonymous_32)
FN:347,(anonymous_33)
FN:358,(anonymous_34)
FN:369,(anonymous_35)
FN:380,(anonymous_36)
FN:385,(anonymous_37)
FN:396,(anonymous_38)
FN:407,(anonymous_39)
FN:412,(anonymous_40)
FN:423,(anonymous_41)
FN:434,(anonymous_42)
FN:439,(anonymous_43)
FN:450,(anonymous_44)
FN:461,(anonymous_45)
FN:466,(anonymous_46)
FN:477,(anonymous_47)
FN:488,(anonymous_48)
FN:493,(anonymous_49)
FN:504,(anonymous_50)
FN:515,(anonymous_51)
FN:526,(anonymous_52)
FN:531,(anonymous_53)
FN:542,(anonymous_54)
FN:553,(anonymous_55)
FN:564,(anonymous_56)
FN:569,(anonymous_57)
FN:580,(anonymous_58)
FN:591,(anonymous_59)
FN:602,(anonymous_60)
FN:607,(anonymous_61)
FN:618,(anonymous_62)
FN:629,(anonymous_63)
FN:640,(anonymous_64)
FN:651,(anonymous_65)
FN:662,(anonymous_66)
FN:673,(anonymous_67)
FN:684,(anonymous_68)
FN:695,(anonymous_69)
FN:706,(anonymous_70)
FN:711,(anonymous_71)
FN:722,(anonymous_72)
FN:733,(anonymous_73)
FN:738,(anonymous_74)
FN:749,(anonymous_75)
FN:760,(anonymous_76)
FN:765,(anonymous_77)
FN:776,(anonymous_78)
FN:787,(anonymous_79)
FN:792,(anonymous_80)
FN:803,(anonymous_81)
FN:814,(anonymous_82)
FN:825,(anonymous_83)
FN:830,(anonymous_84)
FN:841,(anonymous_85)
FN:852,(anonymous_86)
FN:857,(anonymous_87)
FN:868,(anonymous_88)
FN:879,(anonymous_89)
FN:884,(anonymous_90)
FN:895,(anonymous_91)
FN:906,(anonymous_92)
FN:911,(anonymous_93)
FN:922,(anonymous_94)
FN:933,(anonymous_95)
FN:938,(anonymous_96)
FN:949,(anonymous_97)
FN:960,(anonymous_98)
FN:971,(anonymous_99)
FN:982,(anonymous_100)
FN:993,(anonymous_101)
FN:1004,(anonymous_102)
FN:1015,(anonymous_103)
FN:1026,(anonymous_104)
FN:1037,(anonymous_105)
FN:1048,(anonymous_106)
FN:1059,(anonymous_107)
FN:1070,(anonymous_108)
FN:1081,(anonymous_109)
FN:1092,(anonymous_110)
FN:1103,(anonymous_111)
FN:1114,(anonymous_112)
FN:1125,(anonymous_113)
FN:1136,(anonymous_114)
FN:1147,(anonymous_115)
FN:1158,(anonymous_116)
FN:1169,(anonymous_117)
FN:1180,(anonymous_118)
FN:1191,(anonymous_119)
FN:1202,(anonymous_120)
FN:1213,(anonymous_121)
FN:1224,(anonymous_122)
FN:1235,(anonymous_123)
FN:1246,(anonymous_124)
FN:1257,(anonymous_125)
FN:1268,(anonymous_126)
FN:1279,(anonymous_127)
FN:1290,(anonymous_128)
FN:1301,(anonymous_129)
FN:1312,(anonymous_130)
FN:1323,(anonymous_131)
FN:1334,(anonymous_132)
FN:1345,(anonymous_133)
FN:1356,(anonymous_134)
FN:1367,(anonymous_135)
FN:1378,(anonymous_136)
FN:1389,(anonymous_137)
FN:1400,(anonymous_138)
FN:1411,(anonymous_139)
FN:1422,(anonymous_140)
FN:1433,(anonymous_141)
FN:1444,(anonymous_142)
FN:1455,(anonymous_143)
FN:1466,(anonymous_144)
FN:1477,(anonymous_145)
FN:1488,(anonymous_146)
FN:1499,(anonymous_147)
FN:1510,(anonymous_148)
FN:1521,(anonymous_149)
FN:1532,(anonymous_150)
FN:1543,(anonymous_151)
FN:1554,(anonymous_152)
FN:1565,(anonymous_153)
FN:1576,(anonymous_154)
FN:1589,(anonymous_155)
FNF:156
FNH:0
FNDA:0,(anonymous_0)
FNDA:0,(anonymous_1)
FNDA:0,(anonymous_2)
FNDA:0,(anonymous_3)
FNDA:0,(anonymous_4)
FNDA:0,(anonymous_5)
FNDA:0,(anonymous_6)
FNDA:0,(anonymous_7)
FNDA:0,(anonymous_8)
FNDA:0,(anonymous_9)
FNDA:0,(anonymous_10)
FNDA:0,(anonymous_11)
FNDA:0,(anonymous_12)
FNDA:0,(anonymous_13)
FNDA:0,(anonymous_14)
FNDA:0,(anonymous_15)
FNDA:0,(anonymous_16)
FNDA:0,(anonymous_17)
FNDA:0,(anonymous_18)
FNDA:0,(anonymous_19)
FNDA:0,(anonymous_20)
FNDA:0,(anonymous_21)
FNDA:0,(anonymous_22)
FNDA:0,(anonymous_23)
FNDA:0,(anonymous_24)
FNDA:0,(anonymous_25)
FNDA:0,(anonymous_26)
FNDA:0,(anonymous_27)
FNDA:0,(anonymous_28)
FNDA:0,(anonymous_29)
FNDA:0,(anonymous_30)
FNDA:0,(anonymous_31)
FNDA:0,(anonymous_32)
FNDA:0,(anonymous_33)
FNDA:0,(anonymous_34)
FNDA:0,(anonymous_35)
FNDA:0,(anonymous_36)
FNDA:0,(anonymous_37)
FNDA:0,(anonymous_38)
FNDA:0,(anonymous_39)
FNDA:0,(anonymous_40)
FNDA:0,(anonymous_41)
FNDA:0,(anonymous_42)
FNDA:0,(anonymous_43)
FNDA:0,(anonymous_44)
FNDA:0,(anonymous_45)
FNDA:0,(anonymous_46)
FNDA:0,(anonymous_47)
FNDA:0,(anonymous_48)
FNDA:0,(anonymous_49)
FNDA:0,(anonymous_50)
FNDA:0,(anonymous_51)
FNDA:0,(anonymous_52)
FNDA:0,(anonymous_53)
FNDA:0,(anonymous_54)
FNDA:0,(anonymous_55)
FNDA:0,(anonymous_56)
FNDA:0,(anonymous_57)
FNDA:0,(anonymous_58)
FNDA:0,(anonymous_59)
FNDA:0,(anonymous_60)
FNDA:0,(anonymous_61)
FNDA:0,(anonymous_62)
FNDA:0,(anonymous_63)
FNDA:0,(anonymous_64)
FNDA:0,(anonymous_65)
FNDA:0,(anonymous_66)
FNDA:0,(anonymous_67)
FNDA:0,(anonymous_68)
FNDA:0,(anonymous_69)
FNDA:0,(anonymous_70)
FNDA:0,(anonymous_71)
FNDA:0,(anonymous_72)
FNDA:0,(anonymous_73)
FNDA:0,(anonymous_74)
FNDA:0,(anonymous_75)
FNDA:0,(anonymous_76)
FNDA:0,(anonymous_77)
FNDA:0,(anonymous_78)
FNDA:0,(anonymous_79)
FNDA:0,(anonymous_80)
FNDA:0,(anonymous_81)
FNDA:0,(anonymous_82)
FNDA:0,(anonymous_83)
FNDA:0,(anonymous_84)
FNDA:0,(anonymous_85)
FNDA:0,(anonymous_86)
FNDA:0,(anonymous_87)
FNDA:0,(anonymous_88)
FNDA:0,(anonymous_89)
FNDA:0,(anonymous_90)
FNDA:0,(anonymous_91)
FNDA:0,(anonymous_92)
FNDA:0,(anonymous_93)
FNDA:0,(anonymous_94)
FNDA:0,(anonymous_95)
FNDA:0,(anonymous_96)
FNDA:0,(anonymous_97)
FNDA:0,(anonymous_98)
FNDA:0,(anonymous_99)
FNDA:0,(anonymous_100)
FNDA:0,(anonymous_101)
FNDA:0,(anonymous_102)
FNDA:0,(anonymous_103)
FNDA:0,(anonymous_104)
FNDA:0,(anonymous_105)
FNDA:0,(anonymous_106)
FNDA:0,(anonymous_107)
FNDA:0,(anonymous_108)
FNDA:0,(anonymous_109)
FNDA:0,(anonymous_110)
FNDA:0,(anonymous_111)
FNDA:0,(anonymous_112)
FNDA:0,(anonymous_113)
FNDA:0,(anonymous_114)
FNDA:0,(anonymous_115)
FNDA:0,(anonymous_116)
FNDA:0,(anonymous_117)
FNDA:0,(anonymous_118)
FNDA:0,(anonymous_119)
FNDA:0,(anonymous_120)
FNDA:0,(anonymous_121)
FNDA:0,(anonymous_122)
FNDA:0,(anonymous_123)
FNDA:0,(anonymous_124)
FNDA:0,(anonymous_125)
FNDA:0,(anonymous_126)
FNDA:0,(anonymous_127)
FNDA:0,(anonymous_128)
FNDA:0,(anonymous_129)
FNDA:0,(anonymous_130)
FNDA:0,(anonymous_131)
FNDA:0,(anonymous_132)
FNDA:0,(anonymous_133)
FNDA:0,(anonymous_134)
FNDA:0,(anonymous_135)
FNDA:0,(anonymous_136)
FNDA:0,(anonymous_137)
FNDA:0,(anonymous_138)
FNDA:0,(anonymous_139)
FNDA:0,(anonymous_140)
FNDA:0,(anonymous_141)
FNDA:0,(anonymous_142)
FNDA:0,(anonymous_143)
FNDA:0,(anonymous_144)
FNDA:0,(anonymous_145)
FNDA:0,(anonymous_146)
FNDA:0,(anonymous_147)
FNDA:0,(anonymous_148)
FNDA:0,(anonymous_149)
FNDA:0,(anonymous_150)
FNDA:0,(anonymous_151)
FNDA:0,(anonymous_152)
FNDA:0,(anonymous_153)
FNDA:0,(anonymous_154)
FNDA:0,(anonymous_155)
DA:9,0
DA:10,0
DA:11,0
DA:12,0
DA:13,0
DA:22,0
DA:33,0
DA:44,0
DA:55,0
DA:66,0
DA:77,0
DA:88,0
DA:99,0
DA:110,0
DA:121,0
DA:132,0
DA:143,0
DA:154,0
DA:165,0
DA:176,0
DA:187,0
DA:198,0
DA:209,0
DA:220,0
DA:221,0
DA:222,0
DA:224,0
DA:236,0
DA:247,0
DA:248,0
DA:249,0
DA:251,0
DA:263,0
DA:274,0
DA:275,0
DA:276,0
DA:278,0
DA:290,0
DA:301,0
DA:302,0
DA:303,0
DA:305,0
DA:317,0
DA:328,0
DA:339,0
DA:350,0
DA:361,0
DA:372,0
DA:383,0
DA:384,0
DA:385,0
DA:387,0
DA:399,0
DA:410,0
DA:411,0
DA:412,0
DA:414,0
DA:426,0
DA:437,0
DA:438,0
DA:439,0
DA:441,0
DA:453,0
DA:464,0
DA:465,0
DA:466,0
DA:468,0
DA:480,0
DA:491,0
DA:492,0
DA:493,0
DA:495,0
DA:507,0
DA:518,0
DA:529,0
DA:530,0
DA:531,0
DA:533,0
DA:545,0
DA:556,0
DA:567,0
DA:568,0
DA:569,0
DA:571,0
DA:583,0
DA:594,0
DA:605,0
DA:606,0
DA:607,0
DA:609,0
DA:621,0
DA:632,0
DA:643,0
DA:654,0
DA:665,0
DA:676,0
DA:687,0
DA:698,0
DA:709,0
DA:710,0
DA:711,0
DA:713,0
DA:725,0
DA:736,0
DA:737,0
DA:738,0
DA:740,0
DA:752,0
DA:763,0
DA:764,0
DA:765,0
DA:767,0
DA:779,0
DA:790,0
DA:791,0
DA:792,0
DA:794,0
DA:806,0
DA:817,0
DA:828,0
DA:829,0
DA:830,0
DA:832,0
DA:844,0
DA:855,0
DA:856,0
DA:857,0
DA:859,0
DA:871,0
DA:882,0
DA:883,0
DA:884,0
DA:886,0
DA:898,0
DA:909,0
DA:910,0
DA:911,0
DA:913,0
DA:925,0
DA:936,0
DA:937,0
DA:938,0
DA:940,0
DA:952,0
DA:963,0
DA:974,0
DA:985,0
DA:996,0
DA:1007,0
DA:1018,0
DA:1029,0
DA:1040,0
DA:1051,0
DA:1062,0
DA:1073,0
DA:1084,0
DA:1095,0
DA:1106,0
DA:1117,0
DA:1128,0
DA:1139,0
DA:1150,0
DA:1161,0
DA:1172,0
DA:1183,0
DA:1194,0
DA:1205,0
DA:1216,0
DA:1227,0
DA:1238,0
DA:1249,0
DA:1260,0
DA:1271,0
DA:1282,0
DA:1293,0
DA:1304,0
DA:1315,0
DA:1326,0
DA:1337,0
DA:1348,0
DA:1359,0
DA:1370,0
DA:1381,0
DA:1392,0
DA:1403,0
DA:1414,0
DA:1425,0
DA:1436,0
DA:1447,0
DA:1458,0
DA:1469,0
DA:1480,0
DA:1491,0
DA:1502,0
DA:1513,0
DA:1524,0
DA:1535,0
DA:1546,0
DA:1557,0
DA:1568,0
DA:1579,0
DA:1587,0
DA:1588,0
DA:1589,0
DA:1590,0
DA:1591,0
LF:206
LH:0
BRF:0
BRH:0
end_of_record
TN:
SF:.next/server/pages/Produtos.js
FN:9,(anonymous_0)
FN:19,(anonymous_1)
FN:30,(anonymous_2)
FN:41,(anonymous_3)
FN:52,(anonymous_4)
FN:63,(anonymous_5)
FN:74,(anonymous_6)
FN:79,(anonymous_7)
FN:90,(anonymous_8)
FN:101,(anonymous_9)
FN:106,(anonymous_10)
FN:117,(anonymous_11)
FN:128,(anonymous_12)
FN:133,(anonymous_13)
FN:144,(anonymous_14)
FN:155,(anonymous_15)
FN:160,(anonymous_16)
FN:171,(anonymous_17)
FN:182,(anonymous_18)
FN:187,(anonymous_19)
FN:198,(anonymous_20)
FN:209,(anonymous_21)
FN:214,(anonymous_22)
FN:225,(anonymous_23)
FN:236,(anonymous_24)
FN:241,(anonymous_25)
FN:252,(anonymous_26)
FN:263,(anonymous_27)
FN:274,(anonymous_28)
FN:285,(anonymous_29)
FN:296,(anonymous_30)
FN:307,(anonymous_31)
FN:318,(anonymous_32)
FN:329,(anonymous_33)
FN:340,(anonymous_34)
FN:351,(anonymous_35)
FN:362,(anonymous_36)
FN:373,(anonymous_37)
FN:384,(anonymous_38)
FN:395,(anonymous_39)
FN:406,(anonymous_40)
FN:417,(anonymous_41)
FN:428,(anonymous_42)
FN:439,(anonymous_43)
FN:450,(anonymous_44)
FN:461,(anonymous_45)
FN:472,(anonymous_46)
FN:483,(anonymous_47)
FN:494,(anonymous_48)
FN:505,(anonymous_49)
FN:516,(anonymous_50)
FN:527,(anonymous_51)
FN:538,(anonymous_52)
FN:549,(anonymous_53)
FN:560,(anonymous_54)
FN:571,(anonymous_55)
FN:582,(anonymous_56)
FN:593,(anonymous_57)
FN:604,(anonymous_58)
FN:615,(anonymous_59)
FN:626,(anonymous_60)
FN:637,(anonymous_61)
FN:648,(anonymous_62)
FN:659,(anonymous_63)
FN:670,(anonymous_64)
FN:681,(anonymous_65)
FN:694,(anonymous_66)
FNF:67
FNH:0
FNDA:0,(anonymous_0)
FNDA:0,(anonymous_1)
FNDA:0,(anonymous_2)
FNDA:0,(anonymous_3)
FNDA:0,(anonymous_4)
FNDA:0,(anonymous_5)
FNDA:0,(anonymous_6)
FNDA:0,(anonymous_7)
FNDA:0,(anonymous_8)
FNDA:0,(anonymous_9)
FNDA:0,(anonymous_10)
FNDA:0,(anonymous_11)
FNDA:0,(anonymous_12)
FNDA:0,(anonymous_13)
FNDA:0,(anonymous_14)
FNDA:0,(anonymous_15)
FNDA:0,(anonymous_16)
FNDA:0,(anonymous_17)
FNDA:0,(anonymous_18)
FNDA:0,(anonymous_19)
FNDA:0,(anonymous_20)
FNDA:0,(anonymous_21)
FNDA:0,(anonymous_22)
FNDA:0,(anonymous_23)
FNDA:0,(anonymous_24)
FNDA:0,(anonymous_25)
FNDA:0,(anonymous_26)
FNDA:0,(anonymous_27)
FNDA:0,(anonymous_28)
FNDA:0,(anonymous_29)
FNDA:0,(anonymous_30)
FNDA:0,(anonymous_31)
FNDA:0,(anonymous_32)
FNDA:0,(anonymous_33)
FNDA:0,(anonymous_34)
FNDA:0,(anonymous_35)
FNDA:0,(anonymous_36)
FNDA:0,(anonymous_37)
FNDA:0,(anonymous_38)
FNDA:0,(anonymous_39)
FNDA:0,(anonymous_40)
FNDA:0,(anonymous_41)
FNDA:0,(anonymous_42)
FNDA:0,(anonymous_43)
FNDA:0,(anonymous_44)
FNDA:0,(anonymous_45)
FNDA:0,(anonymous_46)
FNDA:0,(anonymous_47)
FNDA:0,(anonymous_48)
FNDA:0,(anonymous_49)
FNDA:0,(anonymous_50)
FNDA:0,(anonymous_51)
FNDA:0,(anonymous_52)
FNDA:0,(anonymous_53)
FNDA:0,(anonymous_54)
FNDA:0,(anonymous_55)
FNDA:0,(anonymous_56)
FNDA:0,(anonymous_57)
FNDA:0,(anonymous_58)
FNDA:0,(anonymous_59)
FNDA:0,(anonymous_60)
FNDA:0,(anonymous_61)
FNDA:0,(anonymous_62)
FNDA:0,(anonymous_63)
FNDA:0,(anonymous_64)
FNDA:0,(anonymous_65)
FNDA:0,(anonymous_66)
DA:9,0
DA:10,0
DA:11,0
DA:12,0
DA:13,0
DA:22,0
DA:33,0
DA:44,0
DA:55,0
DA:66,0
DA:77,0
DA:78,0
DA:79,0
DA:81,0
DA:93,0
DA:104,0
DA:105,0
DA:106,0
DA:108,0
DA:120,0
DA:131,0
DA:132,0
DA:133,0
DA:135,0
DA:147,0
DA:158,0
DA:159,0
DA:160,0
DA:162,0
DA:174,0
DA:185,0
DA:186,0
DA:187,0
DA:189,0
DA:201,0
DA:212,0
DA:213,0
DA:214,0
DA:216,0
DA:228,0
DA:239,0
DA:240,0
DA:241,0
DA:243,0
DA:255,0
DA:266,0
DA:277,0
DA:288,0
DA:299,0
DA:310,0
DA:321,0
DA:332,0
DA:343,0
DA:354,0
DA:365,0
DA:376,0
DA:387,0
DA:398,0
DA:409,0
DA:420,0
DA:431,0
DA:442,0
DA:453,0
DA:464,0
DA:475,0
DA:486,0
DA:497,0
DA:508,0
DA:519,0
DA:530,0
DA:541,0
DA:552,0
DA:563,0
DA:574,0
DA:585,0
DA:596,0
DA:607,0
DA:618,0
DA:629,0
DA:640,0
DA:651,0
DA:662,0
DA:673,0
DA:684,0
DA:692,0
DA:693,0
DA:694,0
DA:695,0
DA:696,0
LF:89
LH:0
BRF:0
BRH:0
end_of_record
TN:
SF:.next/server/pages/SignIn.js
FN:9,(anonymous_0)
FN:19,(anonymous_1)
FN:30,(anonymous_2)
FN:41,(anonymous_3)
FN:52,(anonymous_4)
FN:63,(anonymous_5)
FN:74,(anonymous_6)
FN:85,(anonymous_7)
FN:96,(anonymous_8)
FN:107,(anonymous_9)
FN:118,(anonymous_10)
FN:129,(anonymous_11)
FN:140,(anonymous_12)
FN:151,(anonymous_13)
FN:162,(anonymous_14)
FN:173,(anonymous_15)
FN:184,(anonymous_16)
FN:195,(anonymous_17)
FN:206,(anonymous_18)
FN:217,(anonymous_19)
FN:222,(anonymous_20)
FN:233,(anonymous_21)
FN:244,(anonymous_22)
FN:249,(anonymous_23)
FN:260,(anonymous_24)
FN:271,(anonymous_25)
FN:276,(anonymous_26)
FN:287,(anonymous_27)
FN:298,(anonymous_28)
FN:303,(anonymous_29)
FN:314,(anonymous_30)
FN:325,(anonymous_31)
FN:336,(anonymous_32)
FN:347,(anonymous_33)
FN:358,(anonymous_34)
FN:369,(anonymous_35)
FN:380,(anonymous_36)
FN:385,(anonymous_37)
FN:396,(anonymous_38)
FN:407,(anonymous_39)
FN:412,(anonymous_40)
FN:423,(anonymous_41)
FN:434,(anonymous_42)
FN:439,(anonymous_43)
FN:450,(anonymous_44)
FN:461,(anonymous_45)
FN:466,(anonymous_46)
FN:477,(anonymous_47)
FN:488,(anonymous_48)
FN:493,(anonymous_49)
FN:504,(anonymous_50)
FN:515,(anonymous_51)
FN:526,(anonymous_52)
FN:531,(anonymous_53)
FN:542,(anonymous_54)
FN:553,(anonymous_55)
FN:564,(anonymous_56)
FN:569,(anonymous_57)
FN:580,(anonymous_58)
FN:591,(anonymous_59)
FN:602,(anonymous_60)
FN:607,(anonymous_61)
FN:618,(anonymous_62)
FN:629,(anonymous_63)
FN:640,(anonymous_64)
FN:651,(anonymous_65)
FN:662,(anonymous_66)
FN:673,(anonymous_67)
FN:684,(anonymous_68)
FN:695,(anonymous_69)
FN:706,(anonymous_70)
FN:711,(anonymous_71)
FN:722,(anonymous_72)
FN:733,(anonymous_73)
FN:738,(anonymous_74)
FN:749,(anonymous_75)
FN:760,(anonymous_76)
FN:765,(anonymous_77)
FN:776,(anonymous_78)
FN:787,(anonymous_79)
FN:792,(anonymous_80)
FN:803,(anonymous_81)
FN:814,(anonymous_82)
FN:825,(anonymous_83)
FN:830,(anonymous_84)
FN:841,(anonymous_85)
FN:852,(anonymous_86)
FN:857,(anonymous_87)
FN:868,(anonymous_88)
FN:879,(anonymous_89)
FN:884,(anonymous_90)
FN:895,(anonymous_91)
FN:906,(anonymous_92)
FN:911,(anonymous_93)
FN:922,(anonymous_94)
FN:933,(anonymous_95)
FN:938,(anonymous_96)
FN:949,(anonymous_97)
FN:960,(anonymous_98)
FN:971,(anonymous_99)
FN:982,(anonymous_100)
FN:993,(anonymous_101)
FN:1004,(anonymous_102)
FN:1015,(anonymous_103)
FN:1026,(anonymous_104)
FN:1037,(anonymous_105)
FN:1048,(anonymous_106)
FN:1059,(anonymous_107)
FN:1070,(anonymous_108)
FN:1081,(anonymous_109)
FN:1092,(anonymous_110)
FN:1103,(anonymous_111)
FN:1114,(anonymous_112)
FN:1125,(anonymous_113)
FN:1136,(anonymous_114)
FN:1147,(anonymous_115)
FN:1158,(anonymous_116)
FN:1169,(anonymous_117)
FN:1180,(anonymous_118)
FN:1191,(anonymous_119)
FN:1202,(anonymous_120)
FN:1213,(anonymous_121)
FN:1224,(anonymous_122)
FN:1235,(anonymous_123)
FN:1246,(anonymous_124)
FN:1257,(anonymous_125)
FN:1268,(anonymous_126)
FN:1279,(anonymous_127)
FN:1290,(anonymous_128)
FN:1301,(anonymous_129)
FN:1312,(anonymous_130)
FN:1323,(anonymous_131)
FN:1334,(anonymous_132)
FN:1345,(anonymous_133)
FN:1356,(anonymous_134)
FN:1367,(anonymous_135)
FN:1378,(anonymous_136)
FN:1389,(anonymous_137)
FN:1400,(anonymous_138)
FN:1411,(anonymous_139)
FN:1422,(anonymous_140)
FN:1433,(anonymous_141)
FN:1444,(anonymous_142)
FN:1455,(anonymous_143)
FN:1466,(anonymous_144)
FN:1477,(anonymous_145)
FN:1488,(anonymous_146)
FN:1499,(anonymous_147)
FN:1510,(anonymous_148)
FN:1521,(anonymous_149)
FN:1532,(anonymous_150)
FN:1543,(anonymous_151)
FN:1554,(anonymous_152)
FN:1565,(anonymous_153)
FN:1576,(anonymous_154)
FN:1589,(anonymous_155)
FNF:156
FNH:0
FNDA:0,(anonymous_0)
FNDA:0,(anonymous_1)
FNDA:0,(anonymous_2)
FNDA:0,(anonymous_3)
FNDA:0,(anonymous_4)
FNDA:0,(anonymous_5)
FNDA:0,(anonymous_6)
FNDA:0,(anonymous_7)
FNDA:0,(anonymous_8)
FNDA:0,(anonymous_9)
FNDA:0,(anonymous_10)
FNDA:0,(anonymous_11)
FNDA:0,(anonymous_12)
FNDA:0,(anonymous_13)
FNDA:0,(anonymous_14)
FNDA:0,(anonymous_15)
FNDA:0,(anonymous_16)
FNDA:0,(anonymous_17)
FNDA:0,(anonymous_18)
FNDA:0,(anonymous_19)
FNDA:0,(anonymous_20)
FNDA:0,(anonymous_21)
FNDA:0,(anonymous_22)
FNDA:0,(anonymous_23)
FNDA:0,(anonymous_24)
FNDA:0,(anonymous_25)
FNDA:0,(anonymous_26)
FNDA:0,(anonymous_27)
FNDA:0,(anonymous_28)
FNDA:0,(anonymous_29)
FNDA:0,(anonymous_30)
FNDA:0,(anonymous_31)
FNDA:0,(anonymous_32)
FNDA:0,(anonymous_33)
FNDA:0,(anonymous_34)
FNDA:0,(anonymous_35)
FNDA:0,(anonymous_36)
FNDA:0,(anonymous_37)
FNDA:0,(anonymous_38)
FNDA:0,(anonymous_39)
FNDA:0,(anonymous_40)
FNDA:0,(anonymous_41)
FNDA:0,(anonymous_42)
FNDA:0,(anonymous_43)
FNDA:0,(anonymous_44)
FNDA:0,(anonymous_45)
FNDA:0,(anonymous_46)
FNDA:0,(anonymous_47)
FNDA:0,(anonymous_48)
FNDA:0,(anonymous_49)
FNDA:0,(anonymous_50)
FNDA:0,(anonymous_51)
FNDA:0,(anonymous_52)
FNDA:0,(anonymous_53)
FNDA:0,(anonymous_54)
FNDA:0,(anonymous_55)
FNDA:0,(anonymous_56)
FNDA:0,(anonymous_57)
FNDA:0,(anonymous_58)
FNDA:0,(anonymous_59)
FNDA:0,(anonymous_60)
FNDA:0,(anonymous_61)
FNDA:0,(anonymous_62)
FNDA:0,(anonymous_63)
FNDA:0,(anonymous_64)
FNDA:0,(anonymous_65)
FNDA:0,(anonymous_66)
FNDA:0,(anonymous_67)
FNDA:0,(anonymous_68)
FNDA:0,(anonymous_69)
FNDA:0,(anonymous_70)
FNDA:0,(anonymous_71)
FNDA:0,(anonymous_72)
FNDA:0,(anonymous_73)
FNDA:0,(anonymous_74)
FNDA:0,(anonymous_75)
FNDA:0,(anonymous_76)
FNDA:0,(anonymous_77)
FNDA:0,(anonymous_78)
FNDA:0,(anonymous_79)
FNDA:0,(anonymous_80)
FNDA:0,(anonymous_81)
FNDA:0,(anonymous_82)
FNDA:0,(anonymous_83)
FNDA:0,(anonymous_84)
FNDA:0,(anonymous_85)
FNDA:0,(anonymous_86)
FNDA:0,(anonymous_87)
FNDA:0,(anonymous_88)
FNDA:0,(anonymous_89)
FNDA:0,(anonymous_90)
FNDA:0,(anonymous_91)
FNDA:0,(anonymous_92)
FNDA:0,(anonymous_93)
FNDA:0,(anonymous_94)
FNDA:0,(anonymous_95)
FNDA:0,(anonymous_96)
FNDA:0,(anonymous_97)
FNDA:0,(anonymous_98)
FNDA:0,(anonymous_99)
FNDA:0,(anonymous_100)
FNDA:0,(anonymous_101)
FNDA:0,(anonymous_102)
FNDA:0,(anonymous_103)
FNDA:0,(anonymous_104)
FNDA:0,(anonymous_105)
FNDA:0,(anonymous_106)
FNDA:0,(anonymous_107)
FNDA:0,(anonymous_108)
FNDA:0,(anonymous_109)
FNDA:0,(anonymous_110)
FNDA:0,(anonymous_111)
FNDA:0,(anonymous_112)
FNDA:0,(anonymous_113)
FNDA:0,(anonymous_114)
FNDA:0,(anonymous_115)
FNDA:0,(anonymous_116)
FNDA:0,(anonymous_117)
FNDA:0,(anonymous_118)
FNDA:0,(anonymous_119)
FNDA:0,(anonymous_120)
FNDA:0,(anonymous_121)
FNDA:0,(anonymous_122)
FNDA:0,(anonymous_123)
FNDA:0,(anonymous_124)
FNDA:0,(anonymous_125)
FNDA:0,(anonymous_126)
FNDA:0,(anonymous_127)
FNDA:0,(anonymous_128)
FNDA:0,(anonymous_129)
FNDA:0,(anonymous_130)
FNDA:0,(anonymous_131)
FNDA:0,(anonymous_132)
FNDA:0,(anonymous_133)
FNDA:0,(anonymous_134)
FNDA:0,(anonymous_135)
FNDA:0,(anonymous_136)
FNDA:0,(anonymous_137)
FNDA:0,(anonymous_138)
FNDA:0,(anonymous_139)
FNDA:0,(anonymous_140)
FNDA:0,(anonymous_141)
FNDA:0,(anonymous_142)
FNDA:0,(anonymous_143)
FNDA:0,(anonymous_144)
FNDA:0,(anonymous_145)
FNDA:0,(anonymous_146)
FNDA:0,(anonymous_147)
FNDA:0,(anonymous_148)
FNDA:0,(anonymous_149)
FNDA:0,(anonymous_150)
FNDA:0,(anonymous_151)
FNDA:0,(anonymous_152)
FNDA:0,(anonymous_153)
FNDA:0,(anonymous_154)
FNDA:0,(anonymous_155)
DA:9,0
DA:10,0
DA:11,0
DA:12,0
DA:13,0
DA:22,0
DA:33,0
DA:44,0
DA:55,0
DA:66,0
DA:77,0
DA:88,0
DA:99,0
DA:110,0
DA:121,0
DA:132,0
DA:143,0
DA:154,0
DA:165,0
DA:176,0
DA:187,0
DA:198,0
DA:209,0
DA:220,0
DA:221,0
DA:222,0
DA:224,0
DA:236,0
DA:247,0
DA:248,0
DA:249,0
DA:251,0
DA:263,0
DA:274,0
DA:275,0
DA:276,0
DA:278,0
DA:290,0
DA:301,0
DA:302,0
DA:303,0
DA:305,0
DA:317,0
DA:328,0
DA:339,0
DA:350,0
DA:361,0
DA:372,0
DA:383,0
DA:384,0
DA:385,0
DA:387,0
DA:399,0
DA:410,0
DA:411,0
DA:412,0
DA:414,0
DA:426,0
DA:437,0
DA:438,0
DA:439,0
DA:441,0
DA:453,0
DA:464,0
DA:465,0
DA:466,0
DA:468,0
DA:480,0
DA:491,0
DA:492,0
DA:493,0
DA:495,0
DA:507,0
DA:518,0
DA:529,0
DA:530,0
DA:531,0
DA:533,0
DA:545,0
DA:556,0
DA:567,0
DA:568,0
DA:569,0
DA:571,0
DA:583,0
DA:594,0
DA:605,0
DA:606,0
DA:607,0
DA:609,0
DA:621,0
DA:632,0
DA:643,0
DA:654,0
DA:665,0
DA:676,0
DA:687,0
DA:698,0
DA:709,0
DA:710,0
DA:711,0
DA:713,0
DA:725,0
DA:736,0
DA:737,0
DA:738,0
DA:740,0
DA:752,0
DA:763,0
DA:764,0
DA:765,0
DA:767,0
DA:779,0
DA:790,0
DA:791,0
DA:792,0
DA:794,0
DA:806,0
DA:817,0
DA:828,0
DA:829,0
DA:830,0
DA:832,0
DA:844,0
DA:855,0
DA:856,0
DA:857,0
DA:859,0
DA:871,0
DA:882,0
DA:883,0
DA:884,0
DA:886,0
DA:898,0
DA:909,0
DA:910,0
DA:911,0
DA:913,0
DA:925,0
DA:936,0
DA:937,0
DA:938,0
DA:940,0
DA:952,0
DA:963,0
DA:974,0
DA:985,0
DA:996,0
DA:1007,0
DA:1018,0
DA:1029,0
DA:1040,0
DA:1051,0
DA:1062,0
DA:1073,0
DA:1084,0
DA:1095,0
DA:1106,0
DA:1117,0
DA:1128,0
DA:1139,0
DA:1150,0
DA:1161,0
DA:1172,0
DA:1183,0
DA:1194,0
DA:1205,0
DA:1216,0
DA:1227,0
DA:1238,0
DA:1249,0
DA:1260,0
DA:1271,0
DA:1282,0
DA:1293,0
DA:1304,0
DA:1315,0
DA:1326,0
DA:1337,0
DA:1348,0
DA:1359,0
DA:1370,0
DA:1381,0
DA:1392,0
DA:1403,0
DA:1414,0
DA:1425,0
DA:1436,0
DA:1447,0
DA:1458,0
DA:1469,0
DA:1480,0
DA:1491,0
DA:1502,0
DA:1513,0
DA:1524,0
DA:1535,0
DA:1546,0
DA:1557,0
DA:1568,0
DA:1579,0
DA:1587,0
DA:1588,0
DA:1589,0
DA:1590,0
DA:1591,0
LF:206
LH:0
BRF:0
BRH:0
end_of_record
TN:
SF:.next/server/pages/[produto].js
FN:9,(anonymous_0)
FN:19,(anonymous_1)
FN:30,(anonymous_2)
FN:41,(anonymous_3)
FN:52,(anonymous_4)
FN:63,(anonymous_5)
FN:74,(anonymous_6)
FN:85,(anonymous_7)
FN:96,(anonymous_8)
FN:107,(anonymous_9)
FN:118,(anonymous_10)
FN:129,(anonymous_11)
FN:140,(anonymous_12)
FN:151,(anonymous_13)
FN:162,(anonymous_14)
FN:173,(anonymous_15)
FN:184,(anonymous_16)
FN:195,(anonymous_17)
FN:200,(anonymous_18)
FN:211,(anonymous_19)
FN:222,(anonymous_20)
FN:233,(anonymous_21)
FN:244,(anonymous_22)
FN:249,(anonymous_23)
FN:260,(anonymous_24)
FN:271,(anonymous_25)
FN:276,(anonymous_26)
FN:287,(anonymous_27)
FN:298,(anonymous_28)
FN:303,(anonymous_29)
FN:314,(anonymous_30)
FN:325,(anonymous_31)
FN:330,(anonymous_32)
FN:341,(anonymous_33)
FN:352,(anonymous_34)
FN:357,(anonymous_35)
FN:368,(anonymous_36)
FN:379,(anonymous_37)
FN:384,(anonymous_38)
FN:395,(anonymous_39)
FN:406,(anonymous_40)
FN:411,(anonymous_41)
FN:422,(anonymous_42)
FN:433,(anonymous_43)
FN:438,(anonymous_44)
FN:449,(anonymous_45)
FN:460,(anonymous_46)
FN:465,(anonymous_47)
FN:476,(anonymous_48)
FN:487,(anonymous_49)
FN:492,(anonymous_50)
FN:503,(anonymous_51)
FN:514,(anonymous_52)
FN:519,(anonymous_53)
FN:530,(anonymous_54)
FN:541,(anonymous_55)
FN:546,(anonymous_56)
FN:557,(anonymous_57)
FN:568,(anonymous_58)
FN:573,(anonymous_59)
FN:584,(anonymous_60)
FN:595,(anonymous_61)
FN:600,(anonymous_62)
FN:611,(anonymous_63)
FN:622,(anonymous_64)
FN:633,(anonymous_65)
FN:644,(anonymous_66)
FN:655,(anonymous_67)
FN:666,(anonymous_68)
FN:677,(anonymous_69)
FN:688,(anonymous_70)
FN:699,(anonymous_71)
FN:710,(anonymous_72)
FN:721,(anonymous_73)
FN:732,(anonymous_74)
FN:743,(anonymous_75)
FN:754,(anonymous_76)
FN:765,(anonymous_77)
FN:776,(anonymous_78)
FN:787,(anonymous_79)
FN:798,(anonymous_80)
FN:809,(anonymous_81)
FN:820,(anonymous_82)
FN:831,(anonymous_83)
FN:842,(anonymous_84)
FN:853,(anonymous_85)
FN:864,(anonymous_86)
FN:875,(anonymous_87)
FN:886,(anonymous_88)
FN:897,(anonymous_89)
FN:908,(anonymous_90)
FN:919,(anonymous_91)
FN:930,(anonymous_92)
FN:941,(anonymous_93)
FN:952,(anonymous_94)
FN:963,(anonymous_95)
FN:974,(anonymous_96)
FN:985,(anonymous_97)
FN:996,(anonymous_98)
FN:1007,(anonymous_99)
FN:1018,(anonymous_100)
FN:1029,(anonymous_101)
FN:1040,(anonymous_102)
FN:1051,(anonymous_103)
FN:1062,(anonymous_104)
FN:1073,(anonymous_105)
FN:1084,(anonymous_106)
FN:1095,(anonymous_107)
FN:1106,(anonymous_108)
FN:1117,(anonymous_109)
FN:1128,(anonymous_110)
FN:1139,(anonymous_111)
FN:1150,(anonymous_112)
FN:1155,(anonymous_113)
FN:1156,(anonymous_114)
FN:1167,(anonymous_115)
FN:1178,(anonymous_116)
FN:1189,(anonymous_117)
FN:1194,(anonymous_118)
FN:1195,(anonymous_119)
FN:1206,(anonymous_120)
FN:1217,(anonymous_121)
FN:1228,(anonymous_122)
FN:1239,(anonymous_123)
FN:1250,(anonymous_124)
FN:1261,(anonymous_125)
FN:1272,(anonymous_126)
FN:1283,(anonymous_127)
FN:1294,(anonymous_128)
FN:1305,(anonymous_129)
FN:1316,(anonymous_130)
FN:1327,(anonymous_131)
FN:1338,(anonymous_132)
FN:1349,(anonymous_133)
FN:1360,(anonymous_134)
FN:1371,(anonymous_135)
FN:1382,(anonymous_136)
FN:1393,(anonymous_137)
FN:1404,(anonymous_138)
FN:1415,(anonymous_139)
FN:1426,(anonymous_140)
FN:1437,(anonymous_141)
FN:1448,(anonymous_142)
FN:1459,(anonymous_143)
FN:1470,(anonymous_144)
FN:1481,(anonymous_145)
FN:1492,(anonymous_146)
FN:1505,(anonymous_147)
FNF:148
FNH:0
FNDA:0,(anonymous_0)
FNDA:0,(anonymous_1)
FNDA:0,(anonymous_2)
FNDA:0,(anonymous_3)
FNDA:0,(anonymous_4)
FNDA:0,(anonymous_5)
FNDA:0,(anonymous_6)
FNDA:0,(anonymous_7)
FNDA:0,(anonymous_8)
FNDA:0,(anonymous_9)
FNDA:0,(anonymous_10)
FNDA:0,(anonymous_11)
FNDA:0,(anonymous_12)
FNDA:0,(anonymous_13)
FNDA:0,(anonymous_14)
FNDA:0,(anonymous_15)
FNDA:0,(anonymous_16)
FNDA:0,(anonymous_17)
FNDA:0,(anonymous_18)
FNDA:0,(anonymous_19)
FNDA:0,(anonymous_20)
FNDA:0,(anonymous_21)
FNDA:0,(anonymous_22)
FNDA:0,(anonymous_23)
FNDA:0,(anonymous_24)
FNDA:0,(anonymous_25)
FNDA:0,(anonymous_26)
FNDA:0,(anonymous_27)
FNDA:0,(anonymous_28)
FNDA:0,(anonymous_29)
FNDA:0,(anonymous_30)
FNDA:0,(anonymous_31)
FNDA:0,(anonymous_32)
FNDA:0,(anonymous_33)
FNDA:0,(anonymous_34)
FNDA:0,(anonymous_35)
FNDA:0,(anonymous_36)
FNDA:0,(anonymous_37)
FNDA:0,(anonymous_38)
FNDA:0,(anonymous_39)
FNDA:0,(anonymous_40)
FNDA:0,(anonymous_41)
FNDA:0,(anonymous_42)
FNDA:0,(anonymous_43)
FNDA:0,(anonymous_44)
FNDA:0,(anonymous_45)
FNDA:0,(anonymous_46)
FNDA:0,(anonymous_47)
FNDA:0,(anonymous_48)
FNDA:0,(anonymous_49)
FNDA:0,(anonymous_50)
FNDA:0,(anonymous_51)
FNDA:0,(anonymous_52)
FNDA:0,(anonymous_53)
FNDA:0,(anonymous_54)
FNDA:0,(anonymous_55)
FNDA:0,(anonymous_56)
FNDA:0,(anonymous_57)
FNDA:0,(anonymous_58)
FNDA:0,(anonymous_59)
FNDA:0,(anonymous_60)
FNDA:0,(anonymous_61)
FNDA:0,(anonymous_62)
FNDA:0,(anonymous_63)
FNDA:0,(anonymous_64)
FNDA:0,(anonymous_65)
FNDA:0,(anonymous_66)
FNDA:0,(anonymous_67)
FNDA:0,(anonymous_68)
FNDA:0,(anonymous_69)
FNDA:0,(anonymous_70)
FNDA:0,(anonymous_71)
FNDA:0,(anonymous_72)
FNDA:0,(anonymous_73)
FNDA:0,(anonymous_74)
FNDA:0,(anonymous_75)
FNDA:0,(anonymous_76)
FNDA:0,(anonymous_77)
FNDA:0,(anonymous_78)
FNDA:0,(anonymous_79)
FNDA:0,(anonymous_80)
FNDA:0,(anonymous_81)
FNDA:0,(anonymous_82)
FNDA:0,(anonymous_83)
FNDA:0,(anonymous_84)
FNDA:0,(anonymous_85)
FNDA:0,(anonymous_86)
FNDA:0,(anonymous_87)
FNDA:0,(anonymous_88)
FNDA:0,(anonymous_89)
FNDA:0,(anonymous_90)
FNDA:0,(anonymous_91)
FNDA:0,(anonymous_92)
FNDA:0,(anonymous_93)
FNDA:0,(anonymous_94)
FNDA:0,(anonymous_95)
FNDA:0,(anonymous_96)
FNDA:0,(anonymous_97)
FNDA:0,(anonymous_98)
FNDA:0,(anonymous_99)
FNDA:0,(anonymous_100)
FNDA:0,(anonymous_101)
FNDA:0,(anonymous_102)
FNDA:0,(anonymous_103)
FNDA:0,(anonymous_104)
FNDA:0,(anonymous_105)
FNDA:0,(anonymous_106)
FNDA:0,(anonymous_107)
FNDA:0,(anonymous_108)
FNDA:0,(anonymous_109)
FNDA:0,(anonymous_110)
FNDA:0,(anonymous_111)
FNDA:0,(anonymous_112)
FNDA:0,(anonymous_113)
FNDA:0,(anonymous_114)
FNDA:0,(anonymous_115)
FNDA:0,(anonymous_116)
FNDA:0,(anonymous_117)
FNDA:0,(anonymous_118)
FNDA:0,(anonymous_119)
FNDA:0,(anonymous_120)
FNDA:0,(anonymous_121)
FNDA:0,(anonymous_122)
FNDA:0,(anonymous_123)
FNDA:0,(anonymous_124)
FNDA:0,(anonymous_125)
FNDA:0,(anonymous_126)
FNDA:0,(anonymous_127)
FNDA:0,(anonymous_128)
FNDA:0,(anonymous_129)
FNDA:0,(anonymous_130)
FNDA:0,(anonymous_131)
FNDA:0,(anonymous_132)
FNDA:0,(anonymous_133)
FNDA:0,(anonymous_134)
FNDA:0,(anonymous_135)
FNDA:0,(anonymous_136)
FNDA:0,(anonymous_137)
FNDA:0,(anonymous_138)
FNDA:0,(anonymous_139)
FNDA:0,(anonymous_140)
FNDA:0,(anonymous_141)
FNDA:0,(anonymous_142)
FNDA:0,(anonymous_143)
FNDA:0,(anonymous_144)
FNDA:0,(anonymous_145)
FNDA:0,(anonymous_146)
FNDA:0,(anonymous_147)
DA:9,0
DA:10,0
DA:11,0
DA:12,0
DA:13,0
DA:22,0
DA:33,0
DA:44,0
DA:55,0
DA:66,0
DA:77,0
DA:88,0
DA:99,0
DA:110,0
DA:121,0
DA:132,0
DA:143,0
DA:154,0
DA:165,0
DA:176,0
DA:187,0
DA:198,0
DA:199,0
DA:200,0
DA:202,0
DA:214,0
DA:225,0
DA:236,0
DA:247,0
DA:248,0
DA:249,0
DA:251,0
DA:263,0
DA:274,0
DA:275,0
DA:276,0
DA:278,0
DA:290,0
DA:301,0
DA:302,0
DA:303,0
DA:305,0
DA:317,0
DA:328,0
DA:329,0
DA:330,0
DA:332,0
DA:344,0
DA:355,0
DA:356,0
DA:357,0
DA:359,0
DA:371,0
DA:382,0
DA:383,0
DA:384,0
DA:386,0
DA:398,0
DA:409,0
DA:410,0
DA:411,0
DA:413,0
DA:425,0
DA:436,0
DA:437,0
DA:438,0
DA:440,0
DA:452,0
DA:463,0
DA:464,0
DA:465,0
DA:467,0
DA:479,0
DA:490,0
DA:491,0
DA:492,0
DA:494,0
DA:506,0
DA:517,0
DA:518,0
DA:519,0
DA:521,0
DA:533,0
DA:544,0
DA:545,0
DA:546,0
DA:548,0
DA:560,0
DA:571,0
DA:572,0
DA:573,0
DA:575,0
DA:587,0
DA:598,0
DA:599,0
DA:600,0
DA:602,0
DA:614,0
DA:625,0
DA:636,0
DA:647,0
DA:658,0
DA:669,0
DA:680,0
DA:691,0
DA:702,0
DA:713,0
DA:724,0
DA:735,0
DA:746,0
DA:757,0
DA:768,0
DA:779,0
DA:790,0
DA:801,0
DA:812,0
DA:823,0
DA:834,0
DA:845,0
DA:856,0
DA:867,0
DA:878,0
DA:889,0
DA:900,0
DA:911,0
DA:922,0
DA:933,0
DA:944,0
DA:955,0
DA:966,0
DA:977,0
DA:988,0
DA:999,0
DA:1010,0
DA:1021,0
DA:1032,0
DA:1043,0
DA:1054,0
DA:1065,0
DA:1076,0
DA:1087,0
DA:1098,0
DA:1109,0
DA:1120,0
DA:1131,0
DA:1142,0
DA:1153,0
DA:1154,0
DA:1155,0
DA:1156,0
DA:1158,0
DA:1170,0
DA:1181,0
DA:1192,0
DA:1193,0
DA:1194,0
DA:1195,0
DA:1197,0
DA:1209,0
DA:1220,0
DA:1231,0
DA:1242,0
DA:1253,0
DA:1264,0
DA:1275,0
DA:1286,0
DA:1297,0
DA:1308,0
DA:1319,0
DA:1330,0
DA:1341,0
DA:1352,0
DA:1363,0
DA:1374,0
DA:1385,0
DA:1396,0
DA:1407,0
DA:1418,0
DA:1429,0
DA:1440,0
DA:1451,0
DA:1462,0
DA:1473,0
DA:1484,0
DA:1495,0
DA:1503,0
DA:1504,0
DA:1505,0
DA:1506,0
DA:1507,0
LF:190
LH:0
BRF:0
BRH:0
end_of_record
TN:
SF:.next/server/pages/_app.js
FN:9,(anonymous_0)
FN:19,(anonymous_1)
FN:30,(anonymous_2)
FN:41,(anonymous_3)
FN:52,(anonymous_4)
FN:63,(anonymous_5)
FN:74,(anonymous_6)
FN:85,(anonymous_7)
FN:96,(anonymous_8)
FN:107,(anonymous_9)
FN:118,(anonymous_10)
FN:129,(anonymous_11)
FN:140,(anonymous_12)
FN:151,(anonymous_13)
FN:162,(anonymous_14)
FN:173,(anonymous_15)
FN:184,(anonymous_16)
FN:195,(anonymous_17)
FN:206,(anonymous_18)
FN:211,(anonymous_19)
FN:222,(anonymous_20)
FN:233,(anonymous_21)
FN:238,(anonymous_22)
FN:249,(anonymous_23)
FN:260,(anonymous_24)
FN:265,(anonymous_25)
FN:276,(anonymous_26)
FN:287,(anonymous_27)
FN:292,(anonymous_28)
FN:303,(anonymous_29)
FN:314,(anonymous_30)
FN:325,(anonymous_31)
FN:336,(anonymous_32)
FN:341,(anonymous_33)
FN:352,(anonymous_34)
FN:363,(anonymous_35)
FN:368,(anonymous_36)
FN:379,(anonymous_37)
FN:390,(anonymous_38)
FN:395,(anonymous_39)
FN:406,(anonymous_40)
FN:417,(anonymous_41)
FN:422,(anonymous_42)
FN:433,(anonymous_43)
FN:444,(anonymous_44)
FN:449,(anonymous_45)
FN:460,(anonymous_46)
FN:471,(anonymous_47)
FN:482,(anonymous_48)
FN:487,(anonymous_49)
FN:498,(anonymous_50)
FN:509,(anonymous_51)
FN:514,(anonymous_52)
FN:525,(anonymous_53)
FN:536,(anonymous_54)
FN:541,(anonymous_55)
FN:552,(anonymous_56)
FN:563,(anonymous_57)
FN:568,(anonymous_58)
FN:579,(anonymous_59)
FN:590,(anonymous_60)
FN:601,(anonymous_61)
FN:606,(anonymous_62)
FN:617,(anonymous_63)
FN:628,(anonymous_64)
FN:633,(anonymous_65)
FN:644,(anonymous_66)
FN:655,(anonymous_67)
FN:660,(anonymous_68)
FN:671,(anonymous_69)
FN:682,(anonymous_70)
FN:687,(anonymous_71)
FN:698,(anonymous_72)
FN:709,(anonymous_73)
FN:714,(anonymous_74)
FN:725,(anonymous_75)
FN:736,(anonymous_76)
FN:741,(anonymous_77)
FN:752,(anonymous_78)
FN:763,(anonymous_79)
FN:768,(anonymous_80)
FN:779,(anonymous_81)
FN:790,(anonymous_82)
FN:801,(anonymous_83)
FN:812,(anonymous_84)
FN:823,(anonymous_85)
FN:834,(anonymous_86)
FN:839,(anonymous_87)
FN:850,(anonymous_88)
FN:861,(anonymous_89)
FN:866,(anonymous_90)
FN:877,(anonymous_91)
FN:888,(anonymous_92)
FN:893,(anonymous_93)
FN:904,(anonymous_94)
FN:915,(anonymous_95)
FN:920,(anonymous_96)
FN:931,(anonymous_97)
FN:942,(anonymous_98)
FN:947,(anonymous_99)
FN:958,(anonymous_100)
FN:969,(anonymous_101)
FN:980,(anonymous_102)
FN:985,(anonymous_103)
FN:996,(anonymous_104)
FN:1007,(anonymous_105)
FN:1012,(anonymous_106)
FN:1023,(anonymous_107)
FN:1034,(anonymous_108)
FN:1039,(anonymous_109)
FN:1050,(anonymous_110)
FN:1061,(anonymous_111)
FN:1066,(anonymous_112)
FN:1077,(anonymous_113)
FN:1088,(anonymous_114)
FN:1099,(anonymous_115)
FN:1110,(anonymous_116)
FN:1121,(anonymous_117)
FN:1132,(anonymous_118)
FN:1143,(anonymous_119)
FN:1154,(anonymous_120)
FN:1165,(anonymous_121)
FN:1176,(anonymous_122)
FN:1187,(anonymous_123)
FN:1198,(anonymous_124)
FN:1209,(anonymous_125)
FN:1220,(anonymous_126)
FN:1231,(anonymous_127)
FN:1242,(anonymous_128)
FN:1253,(anonymous_129)
FN:1264,(anonymous_130)
FN:1275,(anonymous_131)
FN:1286,(anonymous_132)
FN:1297,(anonymous_133)
FN:1308,(anonymous_134)
FN:1319,(anonymous_135)
FN:1330,(anonymous_136)
FN:1341,(anonymous_137)
FN:1352,(anonymous_138)
FN:1363,(anonymous_139)
FN:1374,(anonymous_140)
FN:1385,(anonymous_141)
FN:1396,(anonymous_142)
FN:1407,(anonymous_143)
FN:1418,(anonymous_144)
FN:1429,(anonymous_145)
FN:1440,(anonymous_146)
FN:1451,(anonymous_147)
FN:1462,(anonymous_148)
FN:1473,(anonymous_149)
FN:1484,(anonymous_150)
FN:1495,(anonymous_151)
FN:1506,(anonymous_152)
FN:1517,(anonymous_153)
FN:1528,(anonymous_154)
FN:1539,(anonymous_155)
FN:1550,(anonymous_156)
FN:1561,(anonymous_157)
FN:1572,(anonymous_158)
FN:1583,(anonymous_159)
FN:1594,(anonymous_160)
FN:1605,(anonymous_161)
FN:1616,(anonymous_162)
FN:1627,(anonymous_163)
FN:1638,(anonymous_164)
FN:1649,(anonymous_165)
FN:1660,(anonymous_166)
FN:1671,(anonymous_167)
FN:1682,(anonymous_168)
FN:1693,(anonymous_169)
FN:1704,(anonymous_170)
FN:1715,(anonymous_171)
FN:1726,(anonymous_172)
FN:1737,(anonymous_173)
FN:1748,(anonymous_174)
FN:1759,(anonymous_175)
FN:1770,(anonymous_176)
FN:1781,(anonymous_177)
FN:1792,(anonymous_178)
FN:1803,(anonymous_179)
FN:1814,(anonymous_180)
FN:1824,(anonymous_181)
FN:1834,(anonymous_182)
FN:1844,(anonymous_183)
FN:1854,(anonymous_184)
FN:1864,(anonymous_185)
FN:1874,(anonymous_186)
FN:1884,(anonymous_187)
FN:1895,(anonymous_188)
FN:1906,(anonymous_189)
FN:1917,(anonymous_190)
FN:1928,(anonymous_191)
FN:1939,(anonymous_192)
FN:1950,(anonymous_193)
FN:1961,(anonymous_194)
FN:1972,(anonymous_195)
FN:1983,(anonymous_196)
FN:1994,(anonymous_197)
FN:2005,(anonymous_198)
FN:2016,(anonymous_199)
FN:2027,(anonymous_200)
FN:2038,(anonymous_201)
FN:2049,(anonymous_202)
FN:2060,(anonymous_203)
FN:2071,(anonymous_204)
FN:2082,(anonymous_205)
FN:2093,(anonymous_206)
FN:2104,(anonymous_207)
FN:2115,(anonymous_208)
FN:2126,(anonymous_209)
FN:2137,(anonymous_210)
FN:2148,(anonymous_211)
FN:2159,(anonymous_212)
FN:2170,(anonymous_213)
FN:2181,(anonymous_214)
FN:2192,(anonymous_215)
FN:2203,(anonymous_216)
FN:2214,(anonymous_217)
FN:2225,(anonymous_218)
FN:2236,(anonymous_219)
FN:2247,(anonymous_220)
FN:2259,(anonymous_221)
FNF:222
FNH:0
FNDA:0,(anonymous_0)
FNDA:0,(anonymous_1)
FNDA:0,(anonymous_2)
FNDA:0,(anonymous_3)
FNDA:0,(anonymous_4)
FNDA:0,(anonymous_5)
FNDA:0,(anonymous_6)
FNDA:0,(anonymous_7)
FNDA:0,(anonymous_8)
FNDA:0,(anonymous_9)
FNDA:0,(anonymous_10)
FNDA:0,(anonymous_11)
FNDA:0,(anonymous_12)
FNDA:0,(anonymous_13)
FNDA:0,(anonymous_14)
FNDA:0,(anonymous_15)
FNDA:0,(anonymous_16)
FNDA:0,(anonymous_17)
FNDA:0,(anonymous_18)
FNDA:0,(anonymous_19)
FNDA:0,(anonymous_20)
FNDA:0,(anonymous_21)
FNDA:0,(anonymous_22)
FNDA:0,(anonymous_23)
FNDA:0,(anonymous_24)
FNDA:0,(anonymous_25)
FNDA:0,(anonymous_26)
FNDA:0,(anonymous_27)
FNDA:0,(anonymous_28)
FNDA:0,(anonymous_29)
FNDA:0,(anonymous_30)
FNDA:0,(anonymous_31)
FNDA:0,(anonymous_32)
FNDA:0,(anonymous_33)
FNDA:0,(anonymous_34)
FNDA:0,(anonymous_35)
FNDA:0,(anonymous_36)
FNDA:0,(anonymous_37)
FNDA:0,(anonymous_38)
FNDA:0,(anonymous_39)
FNDA:0,(anonymous_40)
FNDA:0,(anonymous_41)
FNDA:0,(anonymous_42)
FNDA:0,(anonymous_43)
FNDA:0,(anonymous_44)
FNDA:0,(anonymous_45)
FNDA:0,(anonymous_46)
FNDA:0,(anonymous_47)
FNDA:0,(anonymous_48)
FNDA:0,(anonymous_49)
FNDA:0,(anonymous_50)
FNDA:0,(anonymous_51)
FNDA:0,(anonymous_52)
FNDA:0,(anonymous_53)
FNDA:0,(anonymous_54)
FNDA:0,(anonymous_55)
FNDA:0,(anonymous_56)
FNDA:0,(anonymous_57)
FNDA:0,(anonymous_58)
FNDA:0,(anonymous_59)
FNDA:0,(anonymous_60)
FNDA:0,(anonymous_61)
FNDA:0,(anonymous_62)
FNDA:0,(anonymous_63)
FNDA:0,(anonymous_64)
FNDA:0,(anonymous_65)
FNDA:0,(anonymous_66)
FNDA:0,(anonymous_67)
FNDA:0,(anonymous_68)
FNDA:0,(anonymous_69)
FNDA:0,(anonymous_70)
FNDA:0,(anonymous_71)
FNDA:0,(anonymous_72)
FNDA:0,(anonymous_73)
FNDA:0,(anonymous_74)
FNDA:0,(anonymous_75)
FNDA:0,(anonymous_76)
FNDA:0,(anonymous_77)
FNDA:0,(anonymous_78)
FNDA:0,(anonymous_79)
FNDA:0,(anonymous_80)
FNDA:0,(anonymous_81)
FNDA:0,(anonymous_82)
FNDA:0,(anonymous_83)
FNDA:0,(anonymous_84)
FNDA:0,(anonymous_85)
FNDA:0,(anonymous_86)
FNDA:0,(anonymous_87)
FNDA:0,(anonymous_88)
FNDA:0,(anonymous_89)
FNDA:0,(anonymous_90)
FNDA:0,(anonymous_91)
FNDA:0,(anonymous_92)
FNDA:0,(anonymous_93)
FNDA:0,(anonymous_94)
FNDA:0,(anonymous_95)
FNDA:0,(anonymous_96)
FNDA:0,(anonymous_97)
FNDA:0,(anonymous_98)
FNDA:0,(anonymous_99)
FNDA:0,(anonymous_100)
FNDA:0,(anonymous_101)
FNDA:0,(anonymous_102)
FNDA:0,(anonymous_103)
FNDA:0,(anonymous_104)
FNDA:0,(anonymous_105)
FNDA:0,(anonymous_106)
FNDA:0,(anonymous_107)
FNDA:0,(anonymous_108)
FNDA:0,(anonymous_109)
FNDA:0,(anonymous_110)
FNDA:0,(anonymous_111)
FNDA:0,(anonymous_112)
FNDA:0,(anonymous_113)
FNDA:0,(anonymous_114)
FNDA:0,(anonymous_115)
FNDA:0,(anonymous_116)
FNDA:0,(anonymous_117)
FNDA:0,(anonymous_118)
FNDA:0,(anonymous_119)
FNDA:0,(anonymous_120)
FNDA:0,(anonymous_121)
FNDA:0,(anonymous_122)
FNDA:0,(anonymous_123)
FNDA:0,(anonymous_124)
FNDA:0,(anonymous_125)
FNDA:0,(anonymous_126)
FNDA:0,(anonymous_127)
FNDA:0,(anonymous_128)
FNDA:0,(anonymous_129)
FNDA:0,(anonymous_130)
FNDA:0,(anonymous_131)
FNDA:0,(anonymous_132)
FNDA:0,(anonymous_133)
FNDA:0,(anonymous_134)
FNDA:0,(anonymous_135)
FNDA:0,(anonymous_136)
FNDA:0,(anonymous_137)
FNDA:0,(anonymous_138)
FNDA:0,(anonymous_139)
FNDA:0,(anonymous_140)
FNDA:0,(anonymous_141)
FNDA:0,(anonymous_142)
FNDA:0,(anonymous_143)
FNDA:0,(anonymous_144)
FNDA:0,(anonymous_145)
FNDA:0,(anonymous_146)
FNDA:0,(anonymous_147)
FNDA:0,(anonymous_148)
FNDA:0,(anonymous_149)
FNDA:0,(anonymous_150)
FNDA:0,(anonymous_151)
FNDA:0,(anonymous_152)
FNDA:0,(anonymous_153)
FNDA:0,(anonymous_154)
FNDA:0,(anonymous_155)
FNDA:0,(anonymous_156)
FNDA:0,(anonymous_157)
FNDA:0,(anonymous_158)
FNDA:0,(anonymous_159)
FNDA:0,(anonymous_160)
FNDA:0,(anonymous_161)
FNDA:0,(anonymous_162)
FNDA:0,(anonymous_163)
FNDA:0,(anonymous_164)
FNDA:0,(anonymous_165)
FNDA:0,(anonymous_166)
FNDA:0,(anonymous_167)
FNDA:0,(anonymous_168)
FNDA:0,(anonymous_169)
FNDA:0,(anonymous_170)
FNDA:0,(anonymous_171)
FNDA:0,(anonymous_172)
FNDA:0,(anonymous_173)
FNDA:0,(anonymous_174)
FNDA:0,(anonymous_175)
FNDA:0,(anonymous_176)
FNDA:0,(anonymous_177)
FNDA:0,(anonymous_178)
FNDA:0,(anonymous_179)
FNDA:0,(anonymous_180)
FNDA:0,(anonymous_181)
FNDA:0,(anonymous_182)
FNDA:0,(anonymous_183)
FNDA:0,(anonymous_184)
FNDA:0,(anonymous_185)
FNDA:0,(anonymous_186)
FNDA:0,(anonymous_187)
FNDA:0,(anonymous_188)
FNDA:0,(anonymous_189)
FNDA:0,(anonymous_190)
FNDA:0,(anonymous_191)
FNDA:0,(anonymous_192)
FNDA:0,(anonymous_193)
FNDA:0,(anonymous_194)
FNDA:0,(anonymous_195)
FNDA:0,(anonymous_196)
FNDA:0,(anonymous_197)
FNDA:0,(anonymous_198)
FNDA:0,(anonymous_199)
FNDA:0,(anonymous_200)
FNDA:0,(anonymous_201)
FNDA:0,(anonymous_202)
FNDA:0,(anonymous_203)
FNDA:0,(anonymous_204)
FNDA:0,(anonymous_205)
FNDA:0,(anonymous_206)
FNDA:0,(anonymous_207)
FNDA:0,(anonymous_208)
FNDA:0,(anonymous_209)
FNDA:0,(anonymous_210)
FNDA:0,(anonymous_211)
FNDA:0,(anonymous_212)
FNDA:0,(anonymous_213)
FNDA:0,(anonymous_214)
FNDA:0,(anonymous_215)
FNDA:0,(anonymous_216)
FNDA:0,(anonymous_217)
FNDA:0,(anonymous_218)
FNDA:0,(anonymous_219)
FNDA:0,(anonymous_220)
FNDA:0,(anonymous_221)
DA:9,0
DA:10,0
DA:11,0
DA:12,0
DA:13,0
DA:22,0
DA:33,0
DA:44,0
DA:55,0
DA:66,0
DA:77,0
DA:88,0
DA:99,0
DA:110,0
DA:121,0
DA:132,0
DA:143,0
DA:154,0
DA:165,0
DA:176,0
DA:187,0
DA:198,0
DA:209,0
DA:210,0
DA:211,0
DA:213,0
DA:225,0
DA:236,0
DA:237,0
DA:238,0
DA:240,0
DA:252,0
DA:263,0
DA:264,0
DA:265,0
DA:267,0
DA:279,0
DA:290,0
DA:291,0
DA:292,0
DA:294,0
DA:306,0
DA:317,0
DA:328,0
DA:339,0
DA:340,0
DA:341,0
DA:343,0
DA:355,0
DA:366,0
DA:367,0
DA:368,0
DA:370,0
DA:382,0
DA:393,0
DA:394,0
DA:395,0
DA:397,0
DA:409,0
DA:420,0
DA:421,0
DA:422,0
DA:424,0
DA:436,0
DA:447,0
DA:448,0
DA:449,0
DA:451,0
DA:463,0
DA:474,0
DA:485,0
DA:486,0
DA:487,0
DA:489,0
DA:501,0
DA:512,0
DA:513,0
DA:514,0
DA:516,0
DA:528,0
DA:539,0
DA:540,0
DA:541,0
DA:543,0
DA:555,0
DA:566,0
DA:567,0
DA:568,0
DA:570,0
DA:582,0
DA:593,0
DA:604,0
DA:605,0
DA:606,0
DA:608,0
DA:620,0
DA:631,0
DA:632,0
DA:633,0
DA:635,0
DA:647,0
DA:658,0
DA:659,0
DA:660,0
DA:662,0
DA:674,0
DA:685,0
DA:686,0
DA:687,0
DA:689,0
DA:701,0
DA:712,0
DA:713,0
DA:714,0
DA:716,0
DA:728,0
DA:739,0
DA:740,0
DA:741,0
DA:743,0
DA:755,0
DA:766,0
DA:767,0
DA:768,0
DA:770,0
DA:782,0
DA:793,0
DA:804,0
DA:815,0
DA:826,0
DA:837,0
DA:838,0
DA:839,0
DA:841,0
DA:853,0
DA:864,0
DA:865,0
DA:866,0
DA:868,0
DA:880,0
DA:891,0
DA:892,0
DA:893,0
DA:895,0
DA:907,0
DA:918,0
DA:919,0
DA:920,0
DA:922,0
DA:934,0
DA:945,0
DA:946,0
DA:947,0
DA:949,0
DA:961,0
DA:972,0
DA:983,0
DA:984,0
DA:985,0
DA:987,0
DA:999,0
DA:1010,0
DA:1011,0
DA:1012,0
DA:1014,0
DA:1026,0
DA:1037,0
DA:1038,0
DA:1039,0
DA:1041,0
DA:1053,0
DA:1064,0
DA:1065,0
DA:1066,0
DA:1068,0
DA:1080,0
DA:1091,0
DA:1102,0
DA:1113,0
DA:1124,0
DA:1135,0
DA:1146,0
DA:1157,0
DA:1168,0
DA:1179,0
DA:1190,0
DA:1201,0
DA:1212,0
DA:1223,0
DA:1234,0
DA:1245,0
DA:1256,0
DA:1267,0
DA:1278,0
DA:1289,0
DA:1300,0
DA:1311,0
DA:1322,0
DA:1333,0
DA:1344,0
DA:1355,0
DA:1366,0
DA:1377,0
DA:1388,0
DA:1399,0
DA:1410,0
DA:1421,0
DA:1432,0
DA:1443,0
DA:1454,0
DA:1465,0
DA:1476,0
DA:1487,0
DA:1498,0
DA:1509,0
DA:1520,0
DA:1531,0
DA:1542,0
DA:1553,0
DA:1564,0
DA:1575,0
DA:1586,0
DA:1597,0
DA:1608,0
DA:1619,0
DA:1630,0
DA:1641,0
DA:1652,0
DA:1663,0
DA:1674,0
DA:1685,0
DA:1696,0
DA:1707,0
DA:1718,0
DA:1729,0
DA:1740,0
DA:1751,0
DA:1762,0
DA:1773,0
DA:1784,0
DA:1795,0
DA:1806,0
DA:1816,0
DA:1826,0
DA:1836,0
DA:1846,0
DA:1856,0
DA:1866,0
DA:1876,0
DA:1887,0
DA:1898,0
DA:1909,0
DA:1920,0
DA:1931,0
DA:1942,0
DA:1953,0
DA:1964,0
DA:1975,0
DA:1986,0
DA:1997,0
DA:2008,0
DA:2019,0
DA:2030,0
DA:2041,0
DA:2052,0
DA:2063,0
DA:2074,0
DA:2085,0
DA:2096,0
DA:2107,0
DA:2118,0
DA:2129,0
DA:2140,0
DA:2151,0
DA:2162,0
DA:2173,0
DA:2184,0
DA:2195,0
DA:2206,0
DA:2217,0
DA:2228,0
DA:2239,0
DA:2257,0
DA:2258,0
DA:2259,0
DA:2260,0
DA:2261,0
LF:287
LH:0
BRF:0
BRH:0
end_of_record
TN:
SF:.next/server/pages/_document.js
FN:9,(anonymous_0)
FN:19,(anonymous_1)
FN:30,(anonymous_2)
FN:41,(anonymous_3)
FN:52,(anonymous_4)
FN:63,(anonymous_5)
FN:74,(anonymous_6)
FN:85,(anonymous_7)
FN:96,(anonymous_8)
FN:107,(anonymous_9)
FN:118,(anonymous_10)
FN:129,(anonymous_11)
FN:140,(anonymous_12)
FN:151,(anonymous_13)
FN:162,(anonymous_14)
FN:173,(anonymous_15)
FN:184,(anonymous_16)
FN:195,(anonymous_17)
FN:206,(anonymous_18)
FN:217,(anonymous_19)
FN:228,(anonymous_20)
FN:239,(anonymous_21)
FN:250,(anonymous_22)
FN:261,(anonymous_23)
FN:272,(anonymous_24)
FN:283,(anonymous_25)
FN:294,(anonymous_26)
FN:305,(anonymous_27)
FN:316,(anonymous_28)
FN:327,(anonymous_29)
FN:338,(anonymous_30)
FN:349,(anonymous_31)
FN:360,(anonymous_32)
FN:371,(anonymous_33)
FN:382,(anonymous_34)
FN:393,(anonymous_35)
FN:404,(anonymous_36)
FN:415,(anonymous_37)
FN:426,(anonymous_38)
FN:437,(anonymous_39)
FN:448,(anonymous_40)
FN:459,(anonymous_41)
FN:470,(anonymous_42)
FN:480,(anonymous_43)
FN:490,(anonymous_44)
FN:500,(anonymous_45)
FN:510,(anonymous_46)
FN:521,(anonymous_47)
FN:532,(anonymous_48)
FN:543,(anonymous_49)
FN:554,(anonymous_50)
FN:565,(anonymous_51)
FN:576,(anonymous_52)
FN:587,(anonymous_53)
FN:598,(anonymous_54)
FN:609,(anonymous_55)
FN:620,(anonymous_56)
FN:631,(anonymous_57)
FN:642,(anonymous_58)
FN:653,(anonymous_59)
FN:666,(anonymous_60)
FNF:61
FNH:0
FNDA:0,(anonymous_0)
FNDA:0,(anonymous_1)
FNDA:0,(anonymous_2)
FNDA:0,(anonymous_3)
FNDA:0,(anonymous_4)
FNDA:0,(anonymous_5)
FNDA:0,(anonymous_6)
FNDA:0,(anonymous_7)
FNDA:0,(anonymous_8)
FNDA:0,(anonymous_9)
FNDA:0,(anonymous_10)
FNDA:0,(anonymous_11)
FNDA:0,(anonymous_12)
FNDA:0,(anonymous_13)
FNDA:0,(anonymous_14)
FNDA:0,(anonymous_15)
FNDA:0,(anonymous_16)
FNDA:0,(anonymous_17)
FNDA:0,(anonymous_18)
FNDA:0,(anonymous_19)
FNDA:0,(anonymous_20)
FNDA:0,(anonymous_21)
FNDA:0,(anonymous_22)
FNDA:0,(anonymous_23)
FNDA:0,(anonymous_24)
FNDA:0,(anonymous_25)
FNDA:0,(anonymous_26)
FNDA:0,(anonymous_27)
FNDA:0,(anonymous_28)
FNDA:0,(anonymous_29)
FNDA:0,(anonymous_30)
FNDA:0,(anonymous_31)
FNDA:0,(anonymous_32)
FNDA:0,(anonymous_33)
FNDA:0,(anonymous_34)
FNDA:0,(anonymous_35)
FNDA:0,(anonymous_36)
FNDA:0,(anonymous_37)
FNDA:0,(anonymous_38)
FNDA:0,(anonymous_39)
FNDA:0,(anonymous_40)
FNDA:0,(anonymous_41)
FNDA:0,(anonymous_42)
FNDA:0,(anonymous_43)
FNDA:0,(anonymous_44)
FNDA:0,(anonymous_45)
FNDA:0,(anonymous_46)
FNDA:0,(anonymous_47)
FNDA:0,(anonymous_48)
FNDA:0,(anonymous_49)
FNDA:0,(anonymous_50)
FNDA:0,(anonymous_51)
FNDA:0,(anonymous_52)
FNDA:0,(anonymous_53)
FNDA:0,(anonymous_54)
FNDA:0,(anonymous_55)
FNDA:0,(anonymous_56)
FNDA:0,(anonymous_57)
FNDA:0,(anonymous_58)
FNDA:0,(anonymous_59)
FNDA:0,(anonymous_60)
DA:9,0
DA:10,0
DA:11,0
DA:12,0
DA:13,0
DA:22,0
DA:33,0
DA:44,0
DA:55,0
DA:66,0
DA:77,0
DA:88,0
DA:99,0
DA:110,0
DA:121,0
DA:132,0
DA:143,0
DA:154,0
DA:165,0
DA:176,0
DA:187,0
DA:198,0
DA:209,0
DA:220,0
DA:231,0
DA:242,0
DA:253,0
DA:264,0
DA:275,0
DA:286,0
DA:297,0
DA:308,0
DA:319,0
DA:330,0
DA:341,0
DA:352,0
DA:363,0
DA:374,0
DA:385,0
DA:396,0
DA:407,0
DA:418,0
DA:429,0
DA:440,0
DA:451,0
DA:462,0
DA:472,0
DA:482,0
DA:492,0
DA:502,0
DA:513,0
DA:524,0
DA:535,0
DA:546,0
DA:557,0
DA:568,0
DA:579,0
DA:590,0
DA:601,0
DA:612,0
DA:623,0
DA:634,0
DA:645,0
DA:656,0
DA:664,0
DA:665,0
DA:666,0
DA:667,0
DA:668,0
LF:69
LH:0
BRF:0
BRH:0
end_of_record
TN:
SF:.next/server/pages/_error.js
FN:9,(anonymous_0)
FN:19,(anonymous_1)
FN:30,(anonymous_2)
FN:40,(anonymous_3)
FN:51,(anonymous_4)
FN:64,(anonymous_5)
FNF:6
FNH:0
FNDA:0,(anonymous_0)
FNDA:0,(anonymous_1)
FNDA:0,(anonymous_2)
FNDA:0,(anonymous_3)
FNDA:0,(anonymous_4)
FNDA:0,(anonymous_5)
DA:9,0
DA:10,0
DA:11,0
DA:12,0
DA:13,0
DA:22,0
DA:32,0
DA:43,0
DA:54,0
DA:62,0
DA:63,0
DA:64,0
DA:65,0
DA:66,0
LF:14
LH:0
BRF:0
BRH:0
end_of_record
TN:
SF:.next/server/pages/index.js
FN:9,(anonymous_0)
FN:19,(anonymous_1)
FN:30,(anonymous_2)
FN:41,(anonymous_3)
FN:52,(anonymous_4)
FN:63,(anonymous_5)
FN:74,(anonymous_6)
FN:79,(anonymous_7)
FN:90,(anonymous_8)
FN:101,(anonymous_9)
FN:106,(anonymous_10)
FN:117,(anonymous_11)
FN:128,(anonymous_12)
FN:133,(anonymous_13)
FN:144,(anonymous_14)
FN:155,(anonymous_15)
FN:160,(anonymous_16)
FN:171,(anonymous_17)
FN:182,(anonymous_18)
FN:187,(anonymous_19)
FN:198,(anonymous_20)
FN:209,(anonymous_21)
FN:214,(anonymous_22)
FN:225,(anonymous_23)
FN:236,(anonymous_24)
FN:247,(anonymous_25)
FN:258,(anonymous_26)
FN:269,(anonymous_27)
FN:280,(anonymous_28)
FN:291,(anonymous_29)
FN:302,(anonymous_30)
FN:313,(anonymous_31)
FN:324,(anonymous_32)
FN:335,(anonymous_33)
FN:346,(anonymous_34)
FN:357,(anonymous_35)
FN:368,(anonymous_36)
FN:379,(anonymous_37)
FN:390,(anonymous_38)
FN:401,(anonymous_39)
FN:412,(anonymous_40)
FN:423,(anonymous_41)
FN:434,(anonymous_42)
FN:445,(anonymous_43)
FN:456,(anonymous_44)
FN:467,(anonymous_45)
FN:478,(anonymous_46)
FN:489,(anonymous_47)
FN:500,(anonymous_48)
FN:511,(anonymous_49)
FN:522,(anonymous_50)
FN:533,(anonymous_51)
FN:544,(anonymous_52)
FN:555,(anonymous_53)
FN:566,(anonymous_54)
FN:577,(anonymous_55)
FN:588,(anonymous_56)
FN:599,(anonymous_57)
FN:610,(anonymous_58)
FN:621,(anonymous_59)
FN:632,(anonymous_60)
FN:643,(anonymous_61)
FN:654,(anonymous_62)
FN:665,(anonymous_63)
FN:676,(anonymous_64)
FN:687,(anonymous_65)
FN:698,(anonymous_66)
FN:709,(anonymous_67)
FN:720,(anonymous_68)
FN:731,(anonymous_69)
FN:742,(anonymous_70)
FN:753,(anonymous_71)
FN:764,(anonymous_72)
FN:775,(anonymous_73)
FN:786,(anonymous_74)
FN:797,(anonymous_75)
FN:808,(anonymous_76)
FN:819,(anonymous_77)
FN:829,(anonymous_78)
FN:839,(anonymous_79)
FN:849,(anonymous_80)
FN:859,(anonymous_81)
FN:869,(anonymous_82)
FN:879,(anonymous_83)
FN:889,(anonymous_84)
FN:900,(anonymous_85)
FN:911,(anonymous_86)
FN:922,(anonymous_87)
FN:933,(anonymous_88)
FN:944,(anonymous_89)
FN:955,(anonymous_90)
FN:966,(anonymous_91)
FN:977,(anonymous_92)
FN:988,(anonymous_93)
FN:999,(anonymous_94)
FN:1010,(anonymous_95)
FN:1021,(anonymous_96)
FN:1032,(anonymous_97)
FN:1043,(anonymous_98)
FN:1054,(anonymous_99)
FN:1065,(anonymous_100)
FN:1076,(anonymous_101)
FN:1087,(anonymous_102)
FN:1098,(anonymous_103)
FN:1109,(anonymous_104)
FN:1120,(anonymous_105)
FN:1132,(anonymous_106)
FNF:107
FNH:0
FNDA:0,(anonymous_0)
FNDA:0,(anonymous_1)
FNDA:0,(anonymous_2)
FNDA:0,(anonymous_3)
FNDA:0,(anonymous_4)
FNDA:0,(anonymous_5)
FNDA:0,(anonymous_6)
FNDA:0,(anonymous_7)
FNDA:0,(anonymous_8)
FNDA:0,(anonymous_9)
FNDA:0,(anonymous_10)
FNDA:0,(anonymous_11)
FNDA:0,(anonymous_12)
FNDA:0,(anonymous_13)
FNDA:0,(anonymous_14)
FNDA:0,(anonymous_15)
FNDA:0,(anonymous_16)
FNDA:0,(anonymous_17)
FNDA:0,(anonymous_18)
FNDA:0,(anonymous_19)
FNDA:0,(anonymous_20)
FNDA:0,(anonymous_21)
FNDA:0,(anonymous_22)
FNDA:0,(anonymous_23)
FNDA:0,(anonymous_24)
FNDA:0,(anonymous_25)
FNDA:0,(anonymous_26)
FNDA:0,(anonymous_27)
FNDA:0,(anonymous_28)
FNDA:0,(anonymous_29)
FNDA:0,(anonymous_30)
FNDA:0,(anonymous_31)
FNDA:0,(anonymous_32)
FNDA:0,(anonymous_33)
FNDA:0,(anonymous_34)
FNDA:0,(anonymous_35)
FNDA:0,(anonymous_36)
FNDA:0,(anonymous_37)
FNDA:0,(anonymous_38)
FNDA:0,(anonymous_39)
FNDA:0,(anonymous_40)
FNDA:0,(anonymous_41)
FNDA:0,(anonymous_42)
FNDA:0,(anonymous_43)
FNDA:0,(anonymous_44)
FNDA:0,(anonymous_45)
FNDA:0,(anonymous_46)
FNDA:0,(anonymous_47)
FNDA:0,(anonymous_48)
FNDA:0,(anonymous_49)
FNDA:0,(anonymous_50)
FNDA:0,(anonymous_51)
FNDA:0,(anonymous_52)
FNDA:0,(anonymous_53)
FNDA:0,(anonymous_54)
FNDA:0,(anonymous_55)
FNDA:0,(anonymous_56)
FNDA:0,(anonymous_57)
FNDA:0,(anonymous_58)
FNDA:0,(anonymous_59)
FNDA:0,(anonymous_60)
FNDA:0,(anonymous_61)
FNDA:0,(anonymous_62)
FNDA:0,(anonymous_63)
FNDA:0,(anonymous_64)
FNDA:0,(anonymous_65)
FNDA:0,(anonymous_66)
FNDA:0,(anonymous_67)
FNDA:0,(anonymous_68)
FNDA:0,(anonymous_69)
FNDA:0,(anonymous_70)
FNDA:0,(anonymous_71)
FNDA:0,(anonymous_72)
FNDA:0,(anonymous_73)
FNDA:0,(anonymous_74)
FNDA:0,(anonymous_75)
FNDA:0,(anonymous_76)
FNDA:0,(anonymous_77)
FNDA:0,(anonymous_78)
FNDA:0,(anonymous_79)
FNDA:0,(anonymous_80)
FNDA:0,(anonymous_81)
FNDA:0,(anonymous_82)
FNDA:0,(anonymous_83)
FNDA:0,(anonymous_84)
FNDA:0,(anonymous_85)
FNDA:0,(anonymous_86)
FNDA:0,(anonymous_87)
FNDA:0,(anonymous_88)
FNDA:0,(anonymous_89)
FNDA:0,(anonymous_90)
FNDA:0,(anonymous_91)
FNDA:0,(anonymous_92)
FNDA:0,(anonymous_93)
FNDA:0,(anonymous_94)
FNDA:0,(anonymous_95)
FNDA:0,(anonymous_96)
FNDA:0,(anonymous_97)
FNDA:0,(anonymous_98)
FNDA:0,(anonymous_99)
FNDA:0,(anonymous_100)
FNDA:0,(anonymous_101)
FNDA:0,(anonymous_102)
FNDA:0,(anonymous_103)
FNDA:0,(anonymous_104)
FNDA:0,(anonymous_105)
FNDA:0,(anonymous_106)
DA:9,0
DA:10,0
DA:11,0
DA:12,0
DA:13,0
DA:22,0
DA:33,0
DA:44,0
DA:55,0
DA:66,0
DA:77,0
DA:78,0
DA:79,0
DA:81,0
DA:93,0
DA:104,0
DA:105,0
DA:106,0
DA:108,0
DA:120,0
DA:131,0
DA:132,0
DA:133,0
DA:135,0
DA:147,0
DA:158,0
DA:159,0
DA:160,0
DA:162,0
DA:174,0
DA:185,0
DA:186,0
DA:187,0
DA:189,0
DA:201,0
DA:212,0
DA:213,0
DA:214,0
DA:216,0
DA:228,0
DA:239,0
DA:250,0
DA:261,0
DA:272,0
DA:283,0
DA:294,0
DA:305,0
DA:316,0
DA:327,0
DA:338,0
DA:349,0
DA:360,0
DA:371,0
DA:382,0
DA:393,0
DA:404,0
DA:415,0
DA:426,0
DA:437,0
DA:448,0
DA:459,0
DA:470,0
DA:481,0
DA:492,0
DA:503,0
DA:514,0
DA:525,0
DA:536,0
DA:547,0
DA:558,0
DA:569,0
DA:580,0
DA:591,0
DA:602,0
DA:613,0
DA:624,0
DA:635,0
DA:646,0
DA:657,0
DA:668,0
DA:679,0
DA:690,0
DA:701,0
DA:712,0
DA:723,0
DA:734,0
DA:745,0
DA:756,0
DA:767,0
DA:778,0
DA:789,0
DA:800,0
DA:811,0
DA:821,0
DA:831,0
DA:841,0
DA:851,0
DA:861,0
DA:871,0
DA:881,0
DA:892,0
DA:903,0
DA:914,0
DA:925,0
DA:936,0
DA:947,0
DA:958,0
DA:969,0
DA:980,0
DA:991,0
DA:1002,0
DA:1013,0
DA:1024,0
DA:1035,0
DA:1046,0
DA:1057,0
DA:1068,0
DA:1079,0
DA:1090,0
DA:1101,0
DA:1112,0
DA:1130,0
DA:1131,0
DA:1132,0
DA:1133,0
DA:1134,0
LF:126
LH:0
BRF:0
BRH:0
end_of_record
TN:
SF:.next/static/chunks/amp.js
FN:15,(anonymous_0)
FN:26,(anonymous_1)
FN:37,(anonymous_2)
FN:48,(anonymous_3)
FN:59,(anonymous_4)
FN:70,(anonymous_5)
FN:80,(anonymous_6)
FN:90,(anonymous_7)
FN:100,(anonymous_8)
FN:107,(anonymous_9)
FN:110,(anonymous_10)
FNF:11
FNH:0
FNDA:0,(anonymous_0)
FNDA:0,(anonymous_1)
FNDA:0,(anonymous_2)
FNDA:0,(anonymous_3)
FNDA:0,(anonymous_4)
FNDA:0,(anonymous_5)
FNDA:0,(anonymous_6)
FNDA:0,(anonymous_7)
FNDA:0,(anonymous_8)
FNDA:0,(anonymous_9)
FNDA:0,(anonymous_10)
DA:9,0
DA:18,0
DA:29,0
DA:40,0
DA:51,0
DA:62,0
DA:72,0
DA:82,0
DA:92,0
DA:102,0
DA:110,0
DA:111,0
DA:112,0
LF:13
LH:0
BRDA:9,0,0,0
BRDA:9,0,1,0
BRF:2
BRH:0
end_of_record
TN:
SF:.next/static/chunks/main.js
FN:15,(anonymous_0)
FN:25,(anonymous_1)
FN:36,(anonymous_2)
FN:47,(anonymous_3)
FN:58,(anonymous_4)
FN:69,(anonymous_5)
FN:80,(anonymous_6)
FN:91,(anonymous_7)
FN:102,(anonymous_8)
FN:113,(anonymous_9)
FN:124,(anonymous_10)
FN:135,(anonymous_11)
FN:146,(anonymous_12)
FN:157,(anonymous_13)
FN:168,(anonymous_14)
FN:179,(anonymous_15)
FN:190,(anonymous_16)
FN:201,(anonymous_17)
FN:212,(anonymous_18)
FN:223,(anonymous_19)
FN:234,(anonymous_20)
FN:245,(anonymous_21)
FN:256,(anonymous_22)
FN:267,(anonymous_23)
FN:278,(anonymous_24)
FN:289,(anonymous_25)
FN:300,(anonymous_26)
FN:311,(anonymous_27)
FN:322,(anonymous_28)
FN:333,(anonymous_29)
FN:344,(anonymous_30)
FN:355,(anonymous_31)
FN:366,(anonymous_32)
FN:377,(anonymous_33)
FN:388,(anonymous_34)
FN:399,(anonymous_35)
FN:410,(anonymous_36)
FN:421,(anonymous_37)
FN:432,(anonymous_38)
FN:443,(anonymous_39)
FN:454,(anonymous_40)
FN:465,(anonymous_41)
FN:476,(anonymous_42)
FN:487,(anonymous_43)
FN:498,(anonymous_44)
FN:509,(anonymous_45)
FN:520,(anonymous_46)
FN:531,(anonymous_47)
FN:542,(anonymous_48)
FN:553,(anonymous_49)
FN:564,(anonymous_50)
FN:575,(anonymous_51)
FN:586,(anonymous_52)
FN:597,(anonymous_53)
FN:608,(anonymous_54)
FN:619,(anonymous_55)
FN:630,(anonymous_56)
FN:641,(anonymous_57)
FN:652,(anonymous_58)
FN:663,(anonymous_59)
FN:674,(anonymous_60)
FN:685,(anonymous_61)
FN:696,(anonymous_62)
FN:707,(anonymous_63)
FN:717,(anonymous_64)
FN:728,(anonymous_65)
FN:739,(anonymous_66)
FN:750,(anonymous_67)
FN:761,(anonymous_68)
FN:772,(anonymous_69)
FN:783,(anonymous_70)
FN:794,(anonymous_71)
FN:805,(anonymous_72)
FN:816,(anonymous_73)
FN:827,(anonymous_74)
FN:838,(anonymous_75)
FN:849,(anonymous_76)
FN:860,(anonymous_77)
FN:871,(anonymous_78)
FN:882,(anonymous_79)
FN:893,(anonymous_80)
FN:903,(anonymous_81)
FN:914,(anonymous_82)
FN:924,(anonymous_83)
FN:935,(anonymous_84)
FN:945,(anonymous_85)
FN:955,(anonymous_86)
FN:965,(anonymous_87)
FN:975,(anonymous_88)
FN:985,(anonymous_89)
FN:995,(anonymous_90)
FN:1005,(anonymous_91)
FN:1015,(anonymous_92)
FN:1025,(anonymous_93)
FN:1035,(anonymous_94)
FN:1045,(anonymous_95)
FN:1055,(anonymous_96)
FN:1065,(anonymous_97)
FN:1075,(anonymous_98)
FN:1085,(anonymous_99)
FN:1095,(anonymous_100)
FN:1105,(anonymous_101)
FN:1115,(anonymous_102)
FN:1125,(anonymous_103)
FN:1135,(anonymous_104)
FN:1145,(anonymous_105)
FN:1155,(anonymous_106)
FN:1165,(anonymous_107)
FN:1175,(anonymous_108)
FN:1185,(anonymous_109)
FN:1195,(anonymous_110)
FN:1206,(anonymous_111)
FN:1217,(anonymous_112)
FN:1227,(anonymous_113)
FN:1237,(anonymous_114)
FN:1248,(anonymous_115)
FN:1259,(anonymous_116)
FN:1270,(anonymous_117)
FN:1281,(anonymous_118)
FN:1291,(anonymous_119)
FN:1302,(anonymous_120)
FN:1313,(anonymous_121)
FN:1324,(anonymous_122)
FN:1335,(anonymous_123)
FN:1346,(anonymous_124)
FN:1353,(anonymous_125)
FN:1356,(anonymous_126)
FNF:127
FNH:0
FNDA:0,(anonymous_0)
FNDA:0,(anonymous_1)
FNDA:0,(anonymous_2)
FNDA:0,(anonymous_3)
FNDA:0,(anonymous_4)
FNDA:0,(anonymous_5)
FNDA:0,(anonymous_6)
FNDA:0,(anonymous_7)
FNDA:0,(anonymous_8)
FNDA:0,(anonymous_9)
FNDA:0,(anonymous_10)
FNDA:0,(anonymous_11)
FNDA:0,(anonymous_12)
FNDA:0,(anonymous_13)
FNDA:0,(anonymous_14)
FNDA:0,(anonymous_15)
FNDA:0,(anonymous_16)
FNDA:0,(anonymous_17)
FNDA:0,(anonymous_18)
FNDA:0,(anonymous_19)
FNDA:0,(anonymous_20)
FNDA:0,(anonymous_21)
FNDA:0,(anonymous_22)
FNDA:0,(anonymous_23)
FNDA:0,(anonymous_24)
FNDA:0,(anonymous_25)
FNDA:0,(anonymous_26)
FNDA:0,(anonymous_27)
FNDA:0,(anonymous_28)
FNDA:0,(anonymous_29)
FNDA:0,(anonymous_30)
FNDA:0,(anonymous_31)
FNDA:0,(anonymous_32)
FNDA:0,(anonymous_33)
FNDA:0,(anonymous_34)
FNDA:0,(anonymous_35)
FNDA:0,(anonymous_36)
FNDA:0,(anonymous_37)
FNDA:0,(anonymous_38)
FNDA:0,(anonymous_39)
FNDA:0,(anonymous_40)
FNDA:0,(anonymous_41)
FNDA:0,(anonymous_42)
FNDA:0,(anonymous_43)
FNDA:0,(anonymous_44)
FNDA:0,(anonymous_45)
FNDA:0,(anonymous_46)
FNDA:0,(anonymous_47)
FNDA:0,(anonymous_48)
FNDA:0,(anonymous_49)
FNDA:0,(anonymous_50)
FNDA:0,(anonymous_51)
FNDA:0,(anonymous_52)
FNDA:0,(anonymous_53)
FNDA:0,(anonymous_54)
FNDA:0,(anonymous_55)
FNDA:0,(anonymous_56)
FNDA:0,(anonymous_57)
FNDA:0,(anonymous_58)
FNDA:0,(anonymous_59)
FNDA:0,(anonymous_60)
FNDA:0,(anonymous_61)
FNDA:0,(anonymous_62)
FNDA:0,(anonymous_63)
FNDA:0,(anonymous_64)
FNDA:0,(anonymous_65)
FNDA:0,(anonymous_66)
FNDA:0,(anonymous_67)
FNDA:0,(anonymous_68)
FNDA:0,(anonymous_69)
FNDA:0,(anonymous_70)
FNDA:0,(anonymous_71)
FNDA:0,(anonymous_72)
FNDA:0,(anonymous_73)
FNDA:0,(anonymous_74)
FNDA:0,(anonymous_75)
FNDA:0,(anonymous_76)
FNDA:0,(anonymous_77)
FNDA:0,(anonymous_78)
FNDA:0,(anonymous_79)
FNDA:0,(anonymous_80)
FNDA:0,(anonymous_81)
FNDA:0,(anonymous_82)
FNDA:0,(anonymous_83)
FNDA:0,(anonymous_84)
FNDA:0,(anonymous_85)
FNDA:0,(anonymous_86)
FNDA:0,(anonymous_87)
FNDA:0,(anonymous_88)
FNDA:0,(anonymous_89)
FNDA:0,(anonymous_90)
FNDA:0,(anonymous_91)
FNDA:0,(anonymous_92)
FNDA:0,(anonymous_93)
FNDA:0,(anonymous_94)
FNDA:0,(anonymous_95)
FNDA:0,(anonymous_96)
FNDA:0,(anonymous_97)
FNDA:0,(anonymous_98)
FNDA:0,(anonymous_99)
FNDA:0,(anonymous_100)
FNDA:0,(anonymous_101)
FNDA:0,(anonymous_102)
FNDA:0,(anonymous_103)
FNDA:0,(anonymous_104)
FNDA:0,(anonymous_105)
FNDA:0,(anonymous_106)
FNDA:0,(anonymous_107)
FNDA:0,(anonymous_108)
FNDA:0,(anonymous_109)
FNDA:0,(anonymous_110)
FNDA:0,(anonymous_111)
FNDA:0,(anonymous_112)
FNDA:0,(anonymous_113)
FNDA:0,(anonymous_114)
FNDA:0,(anonymous_115)
FNDA:0,(anonymous_116)
FNDA:0,(anonymous_117)
FNDA:0,(anonymous_118)
FNDA:0,(anonymous_119)
FNDA:0,(anonymous_120)
FNDA:0,(anonymous_121)
FNDA:0,(anonymous_122)
FNDA:0,(anonymous_123)
FNDA:0,(anonymous_124)
FNDA:0,(anonymous_125)
FNDA:0,(anonymous_126)
DA:9,0
DA:17,0
DA:28,0
DA:39,0
DA:50,0
DA:61,0
DA:72,0
DA:83,0
DA:94,0
DA:105,0
DA:116,0
DA:127,0
DA:138,0
DA:149,0
DA:160,0
DA:171,0
DA:182,0
DA:193,0
DA:204,0
DA:215,0
DA:226,0
DA:237,0
DA:248,0
DA:259,0
DA:270,0
DA:281,0
DA:292,0
DA:303,0
DA:314,0
DA:325,0
DA:336,0
DA:347,0
DA:358,0
DA:369,0
DA:380,0
DA:391,0
DA:402,0
DA:413,0
DA:424,0
DA:435,0
DA:446,0
DA:457,0
DA:468,0
DA:479,0
DA:490,0
DA:501,0
DA:512,0
DA:523,0
DA:534,0
DA:545,0
DA:556,0
DA:567,0
DA:578,0
DA:589,0
DA:600,0
DA:611,0
DA:622,0
DA:633,0
DA:644,0
DA:655,0
DA:666,0
DA:677,0
DA:688,0
DA:699,0
DA:709,0
DA:720,0
DA:731,0
DA:742,0
DA:753,0
DA:764,0
DA:775,0
DA:786,0
DA:797,0
DA:808,0
DA:819,0
DA:830,0
DA:841,0
DA:852,0
DA:863,0
DA:874,0
DA:885,0
DA:895,0
DA:906,0
DA:916,0
DA:927,0
DA:937,0
DA:947,0
DA:957,0
DA:967,0
DA:977,0
DA:987,0
DA:997,0
DA:1007,0
DA:1017,0
DA:1027,0
DA:1037,0
DA:1047,0
DA:1057,0
DA:1067,0
DA:1077,0
DA:1087,0
DA:1097,0
DA:1107,0
DA:1117,0
DA:1127,0
DA:1137,0
DA:1147,0
DA:1157,0
DA:1167,0
DA:1177,0
DA:1187,0
DA:1198,0
DA:1209,0
DA:1219,0
DA:1229,0
DA:1240,0
DA:1251,0
DA:1262,0
DA:1273,0
DA:1283,0
DA:1294,0
DA:1305,0
DA:1316,0
DA:1327,0
DA:1338,0
DA:1356,0
DA:1357,0
DA:1358,0
LF:128
LH:0
BRDA:9,0,0,0
BRDA:9,0,1,0
BRF:2
BRH:0
end_of_record
TN:
SF:.next/static/chunks/node_modules_next_dist_client_dev_noop_js.js
FN:15,(anonymous_0)
FNF:1
FNH:0
FNDA:0,(anonymous_0)
DA:9,0
DA:18,0
LF:2
LH:0
BRDA:9,0,0,0
BRDA:9,0,1,0
BRF:2
BRH:0
end_of_record
TN:
SF:.next/static/chunks/polyfills.js
FN:15,(anonymous_0)
FN:26,(anonymous_1)
FN:33,(anonymous_2)
FN:36,(anonymous_3)
FNF:4
FNH:0
FNDA:0,(anonymous_0)
FNDA:0,(anonymous_1)
FNDA:0,(anonymous_2)
FNDA:0,(anonymous_3)
DA:9,0
DA:18,0
DA:28,0
DA:36,0
DA:37,0
DA:38,0
LF:6
LH:0
BRDA:9,0,0,0
BRDA:9,0,1,0
BRF:2
BRH:0
end_of_record
TN:
SF:.next/static/chunks/react-refresh.js
FN:15,(anonymous_0)
FN:26,(anonymous_1)
FN:37,(anonymous_2)
FN:48,(anonymous_3)
FN:56,(anonymous_4)
FN:59,(anonymous_5)
FNF:6
FNH:0
FNDA:0,(anonymous_0)
FNDA:0,(anonymous_1)
FNDA:0,(anonymous_2)
FNDA:0,(anonymous_3)
FNDA:0,(anonymous_4)
FNDA:0,(anonymous_5)
DA:9,0
DA:18,0
DA:29,0
DA:40,0
DA:51,0
DA:59,0
DA:60,0
DA:61,0
LF:8
LH:0
BRDA:9,0,0,0
BRDA:9,0,1,0
BRF:2
BRH:0
end_of_record
TN:
SF:.next/static/chunks/webpack.js
FN:9,(anonymous_0)
FN:17,__webpack_require__
FN:35,(anonymous_2)
FN:61,(anonymous_3)
FN:63,(anonymous_4)
FN:77,(anonymous_5)
FN:94,(anonymous_6)
FN:96,(anonymous_7)
FN:98,(anonymous_8)
FN:99,(anonymous_9)
FN:106,(anonymous_10)
FN:107,(anonymous_11)
FN:107,(anonymous_12)
FN:115,(anonymous_13)
FN:127,(anonymous_14)
FN:127,(anonymous_15)
FN:129,(anonymous_16)
FN:136,(anonymous_17)
FN:138,(anonymous_18)
FN:148,(anonymous_19)
FN:152,(anonymous_20)
FN:153,(anonymous_21)
FN:161,(anonymous_22)
FN:163,(anonymous_23)
FN:170,(anonymous_24)
FN:172,(anonymous_25)
FN:179,(anonymous_26)
FN:180,(anonymous_27)
FN:184,(anonymous_28)
FN:185,(anonymous_29)
FN:189,(anonymous_30)
FN:190,(anonymous_31)
FN:201,(anonymous_32)
FN:202,(anonymous_33)
FN:207,(anonymous_34)
FN:216,(anonymous_35)
FN:217,(anonymous_36)
FN:221,(anonymous_37)
FN:225,(anonymous_38)
FN:248,(anonymous_39)
FN:255,(anonymous_40)
FN:267,(anonymous_41)
FN:269,(anonymous_42)
FN:278,(anonymous_43)
FN:279,(anonymous_44)
FN:287,(anonymous_45)
FN:292,(anonymous_46)
FN:314,(anonymous_47)
FN:327,createRequire
FN:330,(anonymous_49)
FN:355,(anonymous_50)
FN:359,(anonymous_51)
FN:362,(anonymous_52)
FN:372,(anonymous_53)
FN:378,createModuleHotObject
FN:390,(anonymous_55)
FN:398,(anonymous_56)
FN:403,(anonymous_57)
FN:407,(anonymous_58)
FN:411,(anonymous_59)
FN:418,(anonymous_60)
FN:421,(anonymous_61)
FN:424,(anonymous_62)
FN:428,(anonymous_63)
FN:433,(anonymous_64)
FN:442,(anonymous_65)
FN:466,(anonymous_66)
FN:470,(anonymous_67)
FN:473,(anonymous_68)
FN:485,setStatus
FN:491,trackBlockingPromise
FN:496,(anonymous_71)
FN:508,waitForBlockingPromises
FN:512,(anonymous_73)
FN:517,hotCheck
FN:522,(anonymous_75)
FN:535,(anonymous_76)
FN:550,(anonymous_77)
FN:551,(anonymous_78)
FN:564,hotApply
FN:566,(anonymous_80)
FN:573,internalApply
FN:578,(anonymous_82)
FN:584,(anonymous_83)
FN:591,(anonymous_84)
FN:599,(anonymous_85)
FN:607,(anonymous_86)
FN:612,(anonymous_87)
FN:626,(anonymous_88)
FN:632,(anonymous_89)
FN:633,(anonymous_90)
FN:644,applyInvalidatedModules
FN:647,(anonymous_92)
FN:648,(anonymous_93)
FN:662,(anonymous_94)
FN:667,(anonymous_95)
FN:669,(anonymous_96)
FN:671,(anonymous_97)
FN:673,(anonymous_98)
FN:689,(anonymous_99)
FN:690,(anonymous_100)
FN:691,(anonymous_101)
FN:696,(anonymous_102)
FN:706,(anonymous_103)
FN:717,(anonymous_104)
FN:724,(anonymous_105)
FN:751,loadUpdateChunk
FN:752,(anonymous_107)
FN:758,(anonymous_108)
FN:774,(anonymous_109)
FN:792,applyHandler
FN:795,getAffectedModuleEffects
FN:799,(anonymous_112)
FN:865,addAllToSet
FN:878,warnUnexpectedRequire
FN:995,(anonymous_115)
FN:996,(anonymous_116)
FN:1054,(anonymous_117)
FN:1180,(anonymous_118)
FN:1191,(anonymous_119)
FN:1202,(anonymous_120)
FN:1207,(anonymous_121)
FN:1217,(anonymous_122)
FN:1231,(anonymous_123)
FN:1233,(anonymous_124)
FN:1240,(anonymous_125)
FN:1243,(anonymous_126)
FNF:127
FNH:0
FNDA:0,(anonymous_0)
FNDA:0,__webpack_require__
FNDA:0,(anonymous_2)
FNDA:0,(anonymous_3)
FNDA:0,(anonymous_4)
FNDA:0,(anonymous_5)
FNDA:0,(anonymous_6)
FNDA:0,(anonymous_7)
FNDA:0,(anonymous_8)
FNDA:0,(anonymous_9)
FNDA:0,(anonymous_10)
FNDA:0,(anonymous_11)
FNDA:0,(anonymous_12)
FNDA:0,(anonymous_13)
FNDA:0,(anonymous_14)
FNDA:0,(anonymous_15)
FNDA:0,(anonymous_16)
FNDA:0,(anonymous_17)
FNDA:0,(anonymous_18)
FNDA:0,(anonymous_19)
FNDA:0,(anonymous_20)
FNDA:0,(anonymous_21)
FNDA:0,(anonymous_22)
FNDA:0,(anonymous_23)
FNDA:0,(anonymous_24)
FNDA:0,(anonymous_25)
FNDA:0,(anonymous_26)
FNDA:0,(anonymous_27)
FNDA:0,(anonymous_28)
FNDA:0,(anonymous_29)
FNDA:0,(anonymous_30)
FNDA:0,(anonymous_31)
FNDA:0,(anonymous_32)
FNDA:0,(anonymous_33)
FNDA:0,(anonymous_34)
FNDA:0,(anonymous_35)
FNDA:0,(anonymous_36)
FNDA:0,(anonymous_37)
FNDA:0,(anonymous_38)
FNDA:0,(anonymous_39)
FNDA:0,(anonymous_40)
FNDA:0,(anonymous_41)
FNDA:0,(anonymous_42)
FNDA:0,(anonymous_43)
FNDA:0,(anonymous_44)
FNDA:0,(anonymous_45)
FNDA:0,(anonymous_46)
FNDA:0,(anonymous_47)
FNDA:0,createRequire
FNDA:0,(anonymous_49)
FNDA:0,(anonymous_50)
FNDA:0,(anonymous_51)
FNDA:0,(anonymous_52)
FNDA:0,(anonymous_53)
FNDA:0,createModuleHotObject
FNDA:0,(anonymous_55)
FNDA:0,(anonymous_56)
FNDA:0,(anonymous_57)
FNDA:0,(anonymous_58)
FNDA:0,(anonymous_59)
FNDA:0,(anonymous_60)
FNDA:0,(anonymous_61)
FNDA:0,(anonymous_62)
FNDA:0,(anonymous_63)
FNDA:0,(anonymous_64)
FNDA:0,(anonymous_65)
FNDA:0,(anonymous_66)
FNDA:0,(anonymous_67)
FNDA:0,(anonymous_68)
FNDA:0,setStatus
FNDA:0,trackBlockingPromise
FNDA:0,(anonymous_71)
FNDA:0,waitForBlockingPromises
FNDA:0,(anonymous_73)
FNDA:0,hotCheck
FNDA:0,(anonymous_75)
FNDA:0,(anonymous_76)
FNDA:0,(anonymous_77)
FNDA:0,(anonymous_78)
FNDA:0,hotApply
FNDA:0,(anonymous_80)
FNDA:0,internalApply
FNDA:0,(anonymous_82)
FNDA:0,(anonymous_83)
FNDA:0,(anonymous_84)
FNDA:0,(anonymous_85)
FNDA:0,(anonymous_86)
FNDA:0,(anonymous_87)
FNDA:0,(anonymous_88)
FNDA:0,(anonymous_89)
FNDA:0,(anonymous_90)
FNDA:0,applyInvalidatedModules
FNDA:0,(anonymous_92)
FNDA:0,(anonymous_93)
FNDA:0,(anonymous_94)
FNDA:0,(anonymous_95)
FNDA:0,(anonymous_96)
FNDA:0,(anonymous_97)
FNDA:0,(anonymous_98)
FNDA:0,(anonymous_99)
FNDA:0,(anonymous_100)
FNDA:0,(anonymous_101)
FNDA:0,(anonymous_102)
FNDA:0,(anonymous_103)
FNDA:0,(anonymous_104)
FNDA:0,(anonymous_105)
FNDA:0,loadUpdateChunk
FNDA:0,(anonymous_107)
FNDA:0,(anonymous_108)
FNDA:0,(anonymous_109)
FNDA:0,applyHandler
FNDA:0,getAffectedModuleEffects
FNDA:0,(anonymous_112)
FNDA:0,addAllToSet
FNDA:0,warnUnexpectedRequire
FNDA:0,(anonymous_115)
FNDA:0,(anonymous_116)
FNDA:0,(anonymous_117)
FNDA:0,(anonymous_118)
FNDA:0,(anonymous_119)
FNDA:0,(anonymous_120)
FNDA:0,(anonymous_121)
FNDA:0,(anonymous_122)
FNDA:0,(anonymous_123)
FNDA:0,(anonymous_124)
FNDA:0,(anonymous_125)
FNDA:0,(anonymous_126)
DA:9,0
DA:11,0
DA:14,0
DA:19,0
DA:20,0
DA:21,0
DA:22,0
DA:25,0
DA:32,0
DA:33,0
DA:34,0
DA:35,0
DA:36,0
DA:37,0
DA:38,0
DA:40,0
DA:44,0
DA:47,0
DA:51,0
DA:54,0
DA:57,0
DA:61,0
DA:62,0
DA:63,0
DA:64,0
DA:65,0
DA:66,0
DA:67,0
DA:68,0
DA:70,0
DA:71,0
DA:72,0
DA:73,0
DA:74,0
DA:75,0
DA:76,0
DA:77,0
DA:78,0
DA:80,0
DA:81,0
DA:84,0
DA:85,0
DA:86,0
DA:89,0
DA:94,0
DA:96,0
DA:97,0
DA:98,0
DA:99,0
DA:100,0
DA:101,0
DA:106,0
DA:107,0
DA:115,0
DA:116,0
DA:117,0
DA:118,0
DA:119,0
DA:120,0
DA:122,0
DA:123,0
DA:124,0
DA:125,0
DA:126,0
DA:127,0
DA:129,0
DA:130,0
DA:131,0
DA:136,0
DA:138,0
DA:139,0
DA:140,0
DA:141,0
DA:148,0
DA:149,0
DA:152,0
DA:153,0
DA:154,0
DA:155,0
DA:161,0
DA:163,0
DA:165,0
DA:170,0
DA:172,0
DA:174,0
DA:179,0
DA:180,0
DA:184,0
DA:185,0
DA:189,0
DA:190,0
DA:191,0
DA:192,0
DA:193,0
DA:195,0
DA:201,0
DA:202,0
DA:203,0
DA:204,0
DA:205,0
DA:208,0
DA:211,0
DA:216,0
DA:217,0
DA:221,0
DA:222,0
DA:223,0
DA:225,0
DA:226,0
DA:228,0
DA:229,0
DA:230,0
DA:231,0
DA:232,0
DA:235,0
DA:236,0
DA:237,0
DA:239,0
DA:240,0
DA:241,0
DA:242,0
DA:244,0
DA:245,0
DA:247,0
DA:248,0
DA:250,0
DA:251,0
DA:252,0
DA:253,0
DA:254,0
DA:255,0
DA:256,0
DA:259,0
DA:260,0
DA:261,0
DA:262,0
DA:267,0
DA:269,0
DA:270,0
DA:271,0
DA:273,0
DA:278,0
DA:279,0
DA:280,0
DA:281,0
DA:282,0
DA:287,0
DA:288,0
DA:292,0
DA:293,0
DA:294,0
DA:298,0
DA:301,0
DA:302,0
DA:312,0
DA:314,0
DA:315,0
DA:316,0
DA:317,0
DA:318,0
DA:319,0
DA:320,0
DA:321,0
DA:324,0
DA:325,0
DA:328,0
DA:329,0
DA:330,0
DA:331,0
DA:332,0
DA:333,0
DA:334,0
DA:335,0
DA:338,0
DA:339,0
DA:341,0
DA:342,0
DA:345,0
DA:351,0
DA:353,0
DA:355,0
DA:356,0
DA:360,0
DA:363,0
DA:367,0
DA:368,0
DA:369,0
DA:372,0
DA:373,0
DA:375,0
DA:379,0
DA:380,0
DA:391,0
DA:392,0
DA:393,0
DA:399,0
DA:400,0
DA:401,0
DA:402,0
DA:403,0
DA:404,0
DA:407,0
DA:408,0
DA:412,0
DA:413,0
DA:414,0
DA:415,0
DA:416,0
DA:419,0
DA:422,0
DA:425,0
DA:426,0
DA:429,0
DA:430,0
DA:432,0
DA:433,0
DA:434,0
DA:439,0
DA:440,0
DA:442,0
DA:443,0
DA:448,0
DA:453,0
DA:456,0
DA:459,0
DA:467,0
DA:468,0
DA:471,0
DA:474,0
DA:475,0
DA:481,0
DA:482,0
DA:486,0
DA:487,0
DA:488,0
DA:492,0
DA:494,0
DA:495,0
DA:496,0
DA:497,0
DA:499,0
DA:501,0
DA:502,0
DA:504,0
DA:509,0
DA:510,0
DA:511,0
DA:512,0
DA:513,0
DA:518,0
DA:519,0
DA:521,0
DA:522,0
DA:523,0
DA:524,0
DA:525,0
DA:528,0
DA:530,0
DA:531,0
DA:532,0
DA:534,0
DA:539,0
DA:547,0
DA:551,0
DA:552,0
DA:553,0
DA:555,0
DA:557,0
DA:565,0
DA:566,0
DA:567,0
DA:570,0
DA:574,0
DA:576,0
DA:578,0
DA:579,0
DA:581,0
DA:583,0
DA:585,0
DA:589,0
DA:590,0
DA:591,0
DA:592,0
DA:597,0
DA:599,0
DA:600,0
DA:604,0
DA:607,0
DA:608,0
DA:611,0
DA:612,0
DA:613,0
DA:614,0
DA:615,0
DA:616,0
DA:617,0
DA:624,0
DA:625,0
DA:626,0
DA:627,0
DA:631,0
DA:632,0
DA:633,0
DA:634,0
DA:636,0
DA:640,0
DA:641,0
DA:645,0
DA:646,0
DA:647,0
DA:648,0
DA:649,0
DA:655,0
DA:656,0
DA:662,0
DA:663,0
DA:667,0
DA:668,0
DA:669,0
DA:670,0
DA:671,0
DA:672,0
DA:673,0
DA:674,0
DA:675,0
DA:677,0
DA:688,0
DA:689,0
DA:690,0
DA:691,0
DA:692,0
DA:696,0
DA:702,0
DA:706,0
DA:708,0
DA:709,0
DA:712,0
DA:713,0
DA:715,0
DA:717,0
DA:718,0
DA:721,0
DA:723,0
DA:724,0
DA:725,0
DA:726,0
DA:727,0
DA:728,0
DA:729,0
DA:730,0
DA:731,0
DA:732,0
DA:733,0
DA:734,0
DA:735,0
DA:739,0
DA:740,0
DA:750,0
DA:752,0
DA:753,0
DA:755,0
DA:757,0
DA:758,0
DA:759,0
DA:760,0
DA:761,0
DA:762,0
DA:763,0
DA:764,0
DA:765,0
DA:766,0
DA:767,0
DA:770,0
DA:774,0
DA:775,0
DA:776,0
DA:777,0
DA:778,0
DA:781,0
DA:782,0
DA:783,0
DA:784,0
DA:793,0
DA:794,0
DA:796,0
DA:797,0
DA:799,0
DA:800,0
DA:805,0
DA:806,0
DA:807,0
DA:808,0
DA:809,0
DA:810,0
DA:814,0
DA:815,0
DA:816,0
DA:822,0
DA:823,0
DA:829,0
DA:830,0
DA:831,0
DA:832,0
DA:833,0
DA:834,0
DA:841,0
DA:842,0
DA:843,0
DA:844,0
DA:845,0
DA:846,0
DA:848,0
DA:849,0
DA:850,0
DA:857,0
DA:866,0
DA:867,0
DA:868,0
DA:874,0
DA:875,0
DA:876,0
DA:878,0
DA:879,0
DA:884,0
DA:885,0
DA:886,0
DA:889,0
DA:890,0
DA:892,0
DA:898,0
DA:899,0
DA:900,0
DA:901,0
DA:902,0
DA:903,0
DA:905,0
DA:907,0
DA:908,0
DA:909,0
DA:914,0
DA:916,0
DA:917,0
DA:918,0
DA:925,0
DA:927,0
DA:928,0
DA:929,0
DA:932,0
DA:934,0
DA:935,0
DA:936,0
DA:938,0
DA:939,0
DA:940,0
DA:942,0
DA:944,0
DA:945,0
DA:949,0
DA:950,0
DA:951,0
DA:952,0
DA:953,0
DA:954,0
DA:955,0
DA:956,0
DA:963,0
DA:964,0
DA:965,0
DA:969,0
DA:972,0
DA:973,0
DA:974,0
DA:975,0
DA:976,0
DA:984,0
DA:994,0
DA:996,0
DA:997,0
DA:999,0
DA:1002,0
DA:1003,0
DA:1004,0
DA:1005,0
DA:1006,0
DA:1008,0
DA:1011,0
DA:1012,0
DA:1013,0
DA:1015,0
DA:1018,0
DA:1021,0
DA:1024,0
DA:1027,0
DA:1028,0
DA:1029,0
DA:1030,0
DA:1031,0
DA:1032,0
DA:1039,0
DA:1040,0
DA:1041,0
DA:1042,0
DA:1043,0
DA:1045,0
DA:1046,0
DA:1047,0
DA:1048,0
DA:1056,0
DA:1057,0
DA:1058,0
DA:1063,0
DA:1064,0
DA:1068,0
DA:1069,0
DA:1070,0
DA:1071,0
DA:1072,0
DA:1074,0
DA:1075,0
DA:1076,0
DA:1077,0
DA:1078,0
DA:1080,0
DA:1082,0
DA:1083,0
DA:1084,0
DA:1085,0
DA:1086,0
DA:1087,0
DA:1090,0
DA:1091,0
DA:1092,0
DA:1094,0
DA:1095,0
DA:1096,0
DA:1101,0
DA:1102,0
DA:1110,0
DA:1111,0
DA:1112,0
DA:1116,0
DA:1117,0
DA:1124,0
DA:1125,0
DA:1135,0
DA:1136,0
DA:1137,0
DA:1138,0
DA:1139,0
DA:1141,0
DA:1142,0
DA:1143,0
DA:1148,0
DA:1149,0
DA:1156,0
DA:1157,0
DA:1158,0
DA:1162,0
DA:1163,0
DA:1169,0
DA:1170,0
DA:1176,0
DA:1180,0
DA:1181,0
DA:1182,0
DA:1183,0
DA:1184,0
DA:1185,0
DA:1187,0
DA:1188,0
DA:1191,0
DA:1199,0
DA:1200,0
DA:1201,0
DA:1202,0
DA:1203,0
DA:1204,0
DA:1206,0
DA:1207,0
DA:1208,0
DA:1212,0
DA:1213,0
DA:1216,0
DA:1217,0
DA:1218,0
DA:1224,0
DA:1225,0
DA:1231,0
DA:1232,0
DA:1233,0
DA:1234,0
DA:1235,0
DA:1236,0
DA:1240,0
DA:1243,0
DA:1244,0
DA:1245,0
DA:1246,0
DA:1249,0
DA:1250,0
DA:1251,0
DA:1252,0
DA:1255,0
DA:1256,0
DA:1257,0
DA:1258,0
DA:1259,0
DA:1260,0
DA:1262,0
DA:1264,0
DA:1267,0
DA:1268,0
DA:1269,0
LF:613
LH:0
BRDA:20,0,0,0
BRDA:20,0,1,0
BRDA:21,1,0,0
BRDA:21,1,1,0
BRDA:40,2,0,0
BRDA:40,2,1,0
BRDA:64,3,0,0
BRDA:64,3,1,0
BRDA:65,4,0,0
BRDA:65,4,1,0
BRDA:66,5,0,0
BRDA:66,5,1,0
BRDA:77,6,0,0
BRDA:77,6,1,0
BRDA:77,7,0,0
BRDA:77,7,1,0
BRDA:77,7,2,0
BRDA:81,8,0,0
BRDA:81,8,1,0
BRDA:84,9,0,0
BRDA:84,9,1,0
BRDA:97,10,0,0
BRDA:97,10,1,0
BRDA:97,11,0,0
BRDA:97,11,1,0
BRDA:107,12,0,0
BRDA:107,12,1,0
BRDA:116,13,0,0
BRDA:116,13,1,0
BRDA:117,14,0,0
BRDA:117,14,1,0
BRDA:118,15,0,0
BRDA:118,15,1,0
BRDA:118,16,0,0
BRDA:118,16,1,0
BRDA:119,17,0,0
BRDA:119,17,1,0
BRDA:119,18,0,0
BRDA:119,18,1,0
BRDA:120,19,0,0
BRDA:120,19,1,0
BRDA:120,20,0,0
BRDA:120,20,1,0
BRDA:125,21,0,0
BRDA:125,21,1,0
BRDA:126,22,0,0
BRDA:126,22,1,0
BRDA:126,23,0,0
BRDA:126,23,1,0
BRDA:140,24,0,0
BRDA:140,24,1,0
BRDA:140,25,0,0
BRDA:140,25,1,0
BRDA:191,26,0,0
BRDA:191,26,1,0
BRDA:193,27,0,0
BRDA:193,27,1,0
BRDA:195,28,0,0
BRDA:195,28,1,0
BRDA:204,29,0,0
BRDA:204,29,1,0
BRDA:226,30,0,0
BRDA:226,30,1,0
BRDA:228,31,0,0
BRDA:228,31,1,0
BRDA:232,32,0,0
BRDA:232,32,1,0
BRDA:232,33,0,0
BRDA:232,33,1,0
BRDA:235,34,0,0
[...]
FN:41,goToPrevious
FN:52,goToNext
FN:65,jump
FNF:6
FNH:0
FNDA:0,init
FNDA:0,toggleClass
FNDA:0,makeCurrent
FNDA:0,goToPrevious
FNDA:0,goToNext
FNDA:0,jump
DA:2,0
DA:4,0
DA:7,0
DA:10,0
DA:14,0
DA:20,0
DA:25,0
DA:28,0
DA:32,0
DA:33,0
DA:34,0
DA:42,0
DA:43,0
DA:44,0
DA:45,0
DA:46,0
DA:49,0
DA:53,0
DA:55,0
DA:59,0
DA:62,0
DA:65,0
DA:66,0
DA:69,0
DA:70,0
DA:74,0
DA:75,0
DA:79,0
LF:28
LH:0
BRDA:43,0,0,0
BRDA:43,0,1,0
BRDA:43,1,0,0
BRDA:43,1,1,0
BRDA:45,2,0,0
BRDA:45,2,1,0
BRDA:55,3,0,0
BRDA:55,3,1,0
BRDA:56,4,0,0
BRDA:56,4,1,0
BRDA:66,5,0,0
BRDA:66,5,1,0
BRDA:66,5,2,0
BRDA:66,5,3,0
BRDA:66,5,4,0
BRF:15
BRH:0
end_of_record
TN:
SF:coverage/lcov-report/prettify.js
FN:2,(anonymous_0)
FN:2,k
FN:2,ab
FN:2,T
FN:2,X
FN:2,(anonymous_5)
FN:2,W
FN:2,(anonymous_7)
FN:2,a
FN:2,aa
FN:2,B
FN:2,o
FN:2,g
FN:2,(anonymous_13)
FN:2,(anonymous_14)
FN:2,i
FN:2,Q
FN:2,ae
FN:2,ad
FN:2,ai
FN:2,D
FN:2,c
FN:2,q
FN:2,d
FN:2,y
FN:2,b
FN:2,Y
FN:2,(anonymous_27)
FN:2,U
FNF:29
FNH:0
FNDA:0,(anonymous_0)
FNDA:0,k
FNDA:0,ab
FNDA:0,T
FNDA:0,X
FNDA:0,(anonymous_5)
FNDA:0,W
FNDA:0,(anonymous_7)
FNDA:0,a
FNDA:0,aa
FNDA:0,B
FNDA:0,o
FNDA:0,g
FNDA:0,(anonymous_13)
FNDA:0,(anonymous_14)
FNDA:0,i
FNDA:0,Q
FNDA:0,ae
FNDA:0,ad
FNDA:0,ai
FNDA:0,D
FNDA:0,c
FNDA:0,q
FNDA:0,d
FNDA:0,y
FNDA:0,b
FNDA:0,Y
FNDA:0,(anonymous_27)
FNDA:0,U
DA:2,0
LF:1
LH:0
BRDA:2,0,0,0
BRDA:2,0,1,0
BRDA:2,1,0,0
BRDA:2,1,1,0
BRDA:2,2,0,0
BRDA:2,2,1,0
BRDA:2,3,0,0
BRDA:2,3,1,0
BRDA:2,4,0,0
BRDA:2,4,1,0
BRDA:2,5,0,0
BRDA:2,5,1,0
BRDA:2,6,0,0
BRDA:2,6,1,0
BRDA:2,7,0,0
BRDA:2,7,1,0
BRDA:2,8,0,0
BRDA:2,8,1,0
BRDA:2,9,0,0
BRDA:2,9,1,0
BRDA:2,10,0,0
BRDA:2,10,1,0
BRDA:2,11,0,0
BRDA:2,11,1,0
BRDA:2,11,2,0
BRDA:2,11,3,0
BRDA:2,12,0,0
BRDA:2,12,1,0
BRDA:2,13,0,0
BRDA:2,13,1,0
BRDA:2,14,0,0
BRDA:2,14,1,0
BRDA:2,15,0,0
BRDA:2,15,1,0
BRDA:2,16,0,0
BRDA:2,16,1,0
BRDA:2,17,0,0
BRDA:2,17,1,0
BRDA:2,18,0,0
BRDA:2,18,1,0
BRDA:2,19,0,0
BRDA:2,19,1,0
BRDA:2,20,0,0
BRDA:2,20,1,0
BRDA:2,21,0,0
BRDA:2,21,1,0
BRDA:2,22,0,0
BRDA:2,22,1,0
BRDA:2,23,0,0
BRDA:2,23,1,0
BRDA:2,24,0,0
BRDA:2,24,1,0
BRDA:2,25,0,0
BRDA:2,25,1,0
BRDA:2,26,0,0
BRDA:2,26,1,0
BRDA:2,27,0,0
BRDA:2,27,1,0
BRDA:2,28,0,0
BRDA:2,28,1,0
BRDA:2,29,0,0
BRDA:2,29,1,0
BRDA:2,30,0,0
BRDA:2,30,1,0
BRDA:2,31,0,0
BRDA:2,31,1,0
BRDA:2,32,0,0
BRDA:2,32,1,0
BRDA:2,33,0,0
BRDA:2,33,1,0
BRDA:2,34,0,0
BRDA:2,34,1,0
BRDA:2,35,0,0
BRDA:2,35,1,0
BRDA:2,36,0,0
BRDA:2,36,1,0
BRDA:2,37,0,0
BRDA:2,37,1,0
BRDA:2,38,0,0
BRDA:2,38,1,0
BRDA:2,39,0,0
BRDA:2,39,1,0
BRDA:2,40,0,0
BRDA:2,40,1,0
BRDA:2,41,0,0
BRDA:2,41,1,0
BRDA:2,42,0,0
BRDA:2,42,1,0
BRDA:2,43,0,0
BRDA:2,43,1,0
BRDA:2,44,0,0
BRDA:2,44,1,0
BRDA:2,45,0,0
BRDA:2,45,1,0
BRDA:2,46,0,0
BRDA:2,46,1,0
BRDA:2,47,0,0
BRDA:2,47,1,0
BRDA:2,48,0,0
BRDA:2,48,1,0
BRDA:2,49,0,0
BRDA:2,49,1,0
BRDA:2,50,0,0
BRDA:2,50,1,0
BRDA:2,50,2,0
BRDA:2,51,0,0
BRDA:2,51,1,0
BRDA:2,52,0,0
BRDA:2,52,1,0
BRDA:2,53,0,0
BRDA:2,53,1,0
BRDA:2,54,0,0
BRDA:2,54,1,0
BRDA:2,55,0,0
BRDA:2,55,1,0
BRDA:2,56,0,0
BRDA:2,56,1,0
BRDA:2,57,0,0
BRDA:2,57,1,0
BRDA:2,58,0,0
BRDA:2,58,1,0
BRDA:2,59,0,0
BRDA:2,59,1,0
BRDA:2,60,0,0
BRDA:2,60,1,0
BRDA:2,61,0,0
BRDA:2,61,1,0
BRDA:2,62,0,0
BRDA:2,62,1,0
BRDA:2,63,0,0
BRDA:2,63,1,0
BRDA:2,64,0,0
BRDA:2,64,1,0
BRDA:2,65,0,0
BRDA:2,65,1,0
BRDA:2,66,0,0
BRDA:2,66,1,0
BRDA:2,67,0,0
BRDA:2,67,1,0
BRDA:2,68,0,0
BRDA:2,68,1,0
BRDA:2,69,0,0
BRDA:2,69,1,0
BRDA:2,70,0,0
BRDA:2,70,1,0
BRDA:2,71,0,0
BRDA:2,71,1,0
BRDA:2,72,0,0
BRDA:2,72,1,0
BRDA:2,73,0,0
BRDA:2,73,1,0
BRDA:2,74,0,0
BRDA:2,74,1,0
BRDA:2,75,0,0
BRDA:2,75,1,0
BRDA:2,76,0,0
BRDA:2,76,1,0
BRDA:2,77,0,0
BRDA:2,77,1,0
BRDA:2,78,0,0
BRDA:2,78,1,0
BRDA:2,79,0,0
BRDA:2,79,1,0
BRDA:2,80,0,0
BRDA:2,80,1,0
BRDA:2,81,0,0
BRDA:2,81,1,0
BRDA:2,82,0,0
BRDA:2,82,1,0
BRDA:2,83,0,0
BRDA:2,83,1,0
BRDA:2,84,0,0
BRDA:2,84,1,0
BRDA:2,85,0,0
BRDA:2,85,1,0
BRDA:2,86,0,0
BRDA:2,86,1,0
BRDA:2,87,0,0
BRDA:2,87,1,0
BRDA:2,88,0,0
BRDA:2,88,1,0
BRDA:2,89,0,0
BRDA:2,89,1,0
BRDA:2,89,2,0
BRDA:2,90,0,0
BRDA:2,90,1,0
BRDA:2,91,0,0
BRDA:2,91,1,0
BRDA:2,92,0,0
BRDA:2,92,1,0
BRDA:2,93,0,0
BRDA:2,93,1,0
BRDA:2,94,0,0
BRDA:2,94,1,0
BRDA:2,95,0,0
BRDA:2,95,1,0
BRDA:2,96,0,0
BRDA:2,96,1,0
BRDA:2,97,0,0
BRDA:2,97,1,0
BRDA:2,98,0,0
BRDA:2,98,1,0
BRDA:2,99,0,0
BRDA:2,99,1,0
BRDA:2,100,0,0
BRDA:2,100,1,0
BRDA:2,101,0,0
BRDA:2,101,1,0
BRDA:2,102,0,0
BRDA:2,102,1,0
BRDA:2,103,0,0
BRDA:2,103,1,0
BRDA:2,104,0,0
BRDA:2,104,1,0
BRDA:2,105,0,0
BRDA:2,105,1,0
BRDA:2,106,0,0
BRDA:2,106,1,0
BRDA:2,107,0,0
BRDA:2,107,1,0
BRDA:2,108,0,0
BRDA:2,108,1,0
BRDA:2,109,0,0
BRDA:2,109,1,0
BRDA:2,110,0,0
BRDA:2,110,1,0
BRDA:2,111,0,0
BRDA:2,111,1,0
BRDA:2,112,0,0
BRDA:2,112,1,0
BRDA:2,113,0,0
BRDA:2,113,1,0
BRDA:2,114,0,0
BRDA:2,114,1,0
BRDA:2,115,0,0
BRDA:2,115,1,0
BRDA:2,116,0,0
BRDA:2,116,1,0
BRDA:2,117,0,0
BRDA:2,117,1,0
BRDA:2,118,0,0
BRDA:2,118,1,0
BRDA:2,119,0,0
BRDA:2,119,1,0
BRDA:2,120,0,0
BRDA:2,120,1,0
BRDA:2,121,0,0
BRDA:2,121,1,0
BRDA:2,122,0,0
BRDA:2,122,1,0
BRDA:2,123,0,0
BRDA:2,123,1,0
BRDA:2,124,0,0
BRDA:2,124,1,0
BRDA:2,125,0,0
BRDA:2,125,1,0
BRDA:2,126,0,0
BRDA:2,126,1,0
BRDA:2,127,0,0
BRDA:2,127,1,0
BRDA:2,128,0,0
BRDA:2,128,1,0
BRDA:2,128,2,0
BRDA:2,129,0,0
BRDA:2,129,1,0
BRDA:2,130,0,0
BRDA:2,130,1,0
BRDA:2,131,0,0
BRDA:2,131,1,0
BRDA:2,131,2,0
BRDA:2,131,3,0
BRDA:2,131,4,0
BRDA:2,132,0,0
BRDA:2,132,1,0
BRDA:2,133,0,0
BRDA:2,133,1,0
BRDA:2,134,0,0
BRDA:2,134,1,0
BRDA:2,135,0,0
BRDA:2,135,1,0
BRDA:2,136,0,0
BRDA:2,136,1,0
BRDA:2,137,0,0
BRDA:2,137,1,0
BRDA:2,138,0,0
BRDA:2,138,1,0
BRF:286
BRH:0
end_of_record
TN:
SF:coverage/lcov-report/sorter.js
FN:2,(anonymous_0)
FN:11,getTable
FN:15,getTableHeader
FN:19,getTableBody
FN:23,getNthColumn
FN:28,loadColumns
FN:53,loadRowData
FN:72,loadData
FN:81,sortByIndex
FN:83,(anonymous_9)
FN:95,(anonymous_10)
FN:112,removeSortIndicators
FN:120,addSortIndicators
FN:126,enableUI
FN:129,ithSorter
FN:132,(anonymous_15)
FN:159,(anonymous_16)
FNF:17
FNH:0
FNDA:0,(anonymous_0)
FNDA:0,getTable
FNDA:0,getTableHeader
FNDA:0,getTableBody
FNDA:0,getNthColumn
FNDA:0,loadColumns
FNDA:0,loadRowData
FNDA:0,loadData
FNDA:0,sortByIndex
FNDA:0,(anonymous_9)
FNDA:0,(anonymous_10)
FNDA:0,removeSortIndicators
FNDA:0,addSortIndicators
FNDA:0,enableUI
FNDA:0,ithSorter
FNDA:0,(anonymous_15)
FNDA:0,(anonymous_16)
DA:2,0
DA:5,0
DA:12,0
DA:16,0
DA:20,0
DA:24,0
DA:29,0
DA:31,0
DA:35,0
DA:36,0
DA:37,0
DA:42,0
DA:43,0
DA:44,0
DA:45,0
DA:49,0
DA:54,0
DA:57,0
DA:60,0
DA:61,0
DA:62,0
DA:63,0
DA:64,0
DA:65,0
DA:67,0
DA:69,0
DA:73,0
DA:76,0
DA:77,0
DA:82,0
DA:83,0
DA:84,0
DA:85,0
DA:86,0
DA:88,0
DA:89,0
DA:90,0
DA:91,0
DA:94,0
DA:95,0
DA:96,0
DA:100,0
DA:101,0
DA:102,0
DA:105,0
DA:107,0
DA:108,0
DA:113,0
DA:114,0
DA:116,0
DA:117,0
DA:121,0
DA:129,0
DA:130,0
DA:132,0
DA:133,0
DA:135,0
DA:136,0
DA:138,0
DA:139,0
DA:140,0
DA:141,0
DA:142,0
DA:145,0
DA:146,0
DA:149,0
DA:150,0
DA:151,0
DA:153,0
DA:159,0
DA:160,0
DA:161,0
DA:163,0
DA:164,0
DA:165,0
DA:166,0
DA:170,0
LF:77
LH:0
BRDA:40,0,0,0
BRDA:40,0,1,0
BRDA:43,1,0,0
BRDA:43,1,1,0
BRDA:64,2,0,0
BRDA:64,2,1,0
BRDA:86,3,0,0
BRDA:86,3,1,0
BRDA:86,4,0,0
BRDA:86,4,1,0
BRDA:94,5,0,0
BRDA:94,5,1,0
BRDA:121,6,0,0
BRDA:121,6,1,0
BRDA:135,7,0,0
BRDA:135,7,1,0
BRDA:146,8,0,0
BRDA:146,8,1,0
BRDA:150,9,0,0
BRDA:150,9,1,0
BRDA:160,10,0,0
BRDA:160,10,1,0
BRF:22
BRH:0
end_of_record
TN:
SF:src/atoms/Carrinho.jsx
FN:9,usarCarrinho
FN:13,CarrinhoProvider
FN:15,(anonymous_2)
FN:20,(anonymous_3)
FN:35,buscarProduto
FN:42,adicionarProduto
FN:62,atualizarCarrinho
FN:66,removerProduto
FN:85,precoTotal
FN:88,(anonymous_9)
FN:95,alterarProdutoCarrinho
FNF:11
FNH:0
FNDA:0,usarCarrinho
FNDA:0,CarrinhoProvider
FNDA:0,(anonymous_2)
FNDA:0,(anonymous_3)
FNDA:0,buscarProduto
FNDA:0,adicionarProduto
FNDA:0,atualizarCarrinho
FNDA:0,removerProduto
FNDA:0,precoTotal
FNDA:0,(anonymous_9)
FNDA:0,alterarProdutoCarrinho
DA:6,0
DA:7,0
DA:10,0
DA:14,0
DA:15,0
DA:16,0
DA:17,0
DA:18,0
DA:19,0
DA:20,0
DA:21,0
DA:31,0
DA:36,0
DA:37,0
DA:39,0
DA:43,0
DA:44,0
DA:51,0
DA:52,0
DA:54,0
DA:56,0
DA:58,0
DA:59,0
DA:63,0
DA:67,0
DA:68,0
DA:69,0
DA:70,0
DA:71,0
DA:72,0
DA:75,0
DA:76,0
DA:77,0
DA:78,0
DA:86,0
DA:88,0
DA:89,0
DA:93,0
DA:96,0
DA:97,0
DA:98,0
DA:99,0
DA:100,0
DA:104,0
DA:107,0
DA:115,0
DA:118,0
LF:47
LH:0
BRDA:17,0,0,0
BRDA:17,0,1,0
BRDA:37,1,0,0
BRDA:37,1,1,0
BRDA:51,2,0,0
BRDA:51,2,1,0
BRDA:67,3,0,0
BRDA:67,3,1,0
BRDA:70,4,0,0
BRDA:70,4,1,0
BRDA:75,5,0,0
BRDA:75,5,1,0
BRDA:97,6,0,0
BRDA:97,6,1,0
BRF:14
BRH:0
end_of_record
TN:
SF:src/atoms/Produto.js
FN:2,(anonymous_0)
FN:10,(anonymous_1)
FNF:2
FNH:0
FNDA:0,(anonymous_0)
FNDA:0,(anonymous_1)
DA:3,0
DA:4,0
DA:5,0
DA:6,0
DA:7,0
DA:12,0
DA:13,0
LF:7
LH:0
BRF:0
BRH:0
end_of_record
TN:
SF:src/atoms/Verificacao.js
FN:1,verificarEmail
FN:9,verificarSenha
FNF:2
FNH:0
FNDA:0,verificarEmail
FNDA:0,verificarSenha
DA:2,0
DA:3,0
DA:4,0
DA:5,0
DA:6,0
DA:10,0
DA:11,0
DA:12,0
DA:17,0
DA:19,0
LF:10
LH:0
BRDA:3,0,0,0
BRDA:3,0,1,0
BRDA:4,1,0,0
BRDA:4,1,1,0
BRDA:11,2,0,0
BRDA:11,2,1,0
BRDA:12,3,0,0
BRDA:12,3,1,0
BRF:8
BRH:0
end_of_record
TN:
SF:src/atoms/tema.js
FNF:0
FNH:0
DA:14,1
DA:15,1
DA:16,1
LF:3
LH:3
BRF:0
BRH:0
end_of_record
TN:
SF:src/atoms/services/firebase.jsx
FN:9,obterContexto
FN:23,usarAutenticacao
FN:27,AuthProvider
FN:39,(anonymous_3)
FN:40,(anonymous_4)
FN:49,criarConta
FN:53,login
FN:56,loginGoogle
FN:61,loginGoogleRedirect
FN:65,logout
FN:69,resetPassword
FN:73,updateEmail
FN:77,updatePassword
FN:80,verificarEmail
FN:83,lerProdutos
FN:87,(anonymous_15)
FN:89,(anonymous_16)
FN:103,lerQuantidadeProdutos
FN:107,(anonymous_18)
FN:110,(anonymous_19)
FNF:20
FNH:0
FNDA:0,obterContexto
FNDA:0,usarAutenticacao
FNDA:0,AuthProvider
FNDA:0,(anonymous_3)
FNDA:0,(anonymous_4)
FNDA:0,criarConta
FNDA:0,login
FNDA:0,loginGoogle
FNDA:0,loginGoogleRedirect
FNDA:0,logout
FNDA:0,resetPassword
FNDA:0,updateEmail
FNDA:0,updatePassword
FNDA:0,verificarEmail
FNDA:0,lerProdutos
FNDA:0,(anonymous_15)
FNDA:0,(anonymous_16)
FNDA:0,lerQuantidadeProdutos
FNDA:0,(anonymous_18)
FNDA:0,(anonymous_19)
DA:7,0
DA:10,0
DA:13,0
DA:24,0
DA:28,0
DA:29,0
DA:31,0
DA:32,0
DA:34,0
DA:36,0
DA:38,0
DA:39,0
DA:40,0
DA:41,0
DA:42,0
DA:46,0
DA:47,0
DA:50,0
DA:54,0
DA:58,0
DA:59,0
DA:62,0
DA:66,0
DA:70,0
DA:74,0
DA:78,0
DA:81,0
DA:84,0
DA:88,0
DA:89,0
DA:90,0
DA:100,0
DA:104,0
DA:108,0
DA:109,0
DA:110,0
DA:111,0
DA:112,0
DA:121,0
DA:123,0
DA:127,0
DA:141,0
DA:144,0
LF:43
LH:0
BRDA:31,0,0,0
BRDA:31,0,1,0
BRDA:46,1,0,0
BRDA:46,1,1,0
BRDA:111,2,0,0
BRDA:111,2,1,0
BRF:6
BRH:0
end_of_record
TN:
SF:src/molecules/BtnLoginLogout.jsx
FN:6,(anonymous_0)
FN:14,BtnLoginLogout
FN:24,(anonymous_2)
FNF:3
FNH:0
FNDA:0,(anonymous_0)
FNDA:0,BtnLoginLogout
FNDA:0,(anonymous_2)
DA:6,0
DA:15,0
DA:16,0
DA:17,0
DA:18,0
DA:19,0
DA:25,0
DA:26,0
DA:33,0
LF:9
LH:0
BRDA:18,0,0,0
BRDA:18,0,1,0
BRF:2
BRH:0
end_of_record
TN:
SF:src/molecules/CardDadosProduto.jsx
FN:12,(anonymous_0)
FN:36,CardDadosProduto
FN:48,handlerClickBtn
FN:49,(anonymous_3)
FN:81,(anonymous_4)
FN:85,(anonymous_5)
FNF:6
FNH:0
FNDA:0,(anonymous_0)
FNDA:0,CardDadosProduto
FNDA:0,handlerClickBtn
FNDA:0,(anonymous_3)
FNDA:0,(anonymous_4)
FNDA:0,(anonymous_5)
DA:12,0
DA:37,0
DA:38,0
DA:39,0
DA:40,0
DA:41,0
DA:42,0
DA:43,0
DA:44,0
DA:46,0
DA:49,0
DA:50,0
DA:54,0
DA:82,0
DA:86,0
DA:114,0
LF:16
LH:0
BRDA:42,0,0,0
BRDA:42,0,1,0
BRF:2
BRH:0
end_of_record
TN:
SF:src/molecules/CarrinhoDesktopCabecario.jsx
FN:21,(anonymous_0)
FN:36,CarrinhoDesktopCabecario
FN:41,handleClick
FN:45,handleClose
FN:49,handlerProdutoCarrinhoClick
FN:54,handlerTrashIconClick
FN:73,(anonymous_6)
FN:92,(anonymous_7)
FNF:8
FNH:0
FNDA:0,(anonymous_0)
FNDA:0,CarrinhoDesktopCabecario
FNDA:0,handleClick
FNDA:0,handleClose
FNDA:0,handlerProdutoCarrinhoClick
FNDA:0,handlerTrashIconClick
FNDA:0,(anonymous_6)
FNDA:0,(anonymous_7)
DA:21,0
DA:37,0
DA:38,0
DA:39,0
DA:40,0
DA:42,0
DA:46,0
DA:50,0
DA:51,0
DA:55,0
DA:56,0
DA:57,0
DA:60,0
DA:74,0
DA:92,0
LF:15
LH:0
BRDA:68,0,0,0
BRDA:68,0,1,0
BRF:2
BRH:0
end_of_record
TN:
SF:src/molecules/Spinner.jsx
FN:5,(anonymous_0)
FN:12,Spinner
FNF:2
FNH:0
FNDA:0,(anonymous_0)
FNDA:0,Spinner
DA:5,0
DA:13,0
DA:14,0
LF:3
LH:0
BRF:0
BRH:0
end_of_record
TN:
SF:src/molecules/Rodape/Rodape.jsx
FN:9,(anonymous_0)
FN:15,Rodape
FNF:2
FNH:0
FNDA:0,(anonymous_0)
FNDA:0,Rodape
DA:9,1
DA:16,0
DA:17,0
LF:3
LH:1
BRF:0
BRH:0
end_of_record
TN:
SF:src/organisms/CabecarioDesktop.jsx
FN:11,(anonymous_0)
FN:19,CabecarioDesktop
FN:36,(anonymous_2)
FN:44,(anonymous_3)
FN:52,(anonymous_4)
FNF:5
FNH:0
FNDA:0,(anonymous_0)
FNDA:0,CabecarioDesktop
FNDA:0,(anonymous_2)
FNDA:0,(anonymous_3)
FNDA:0,(anonymous_4)
DA:11,0
DA:20,0
DA:21,0
DA:22,0
DA:36,0
DA:44,0
DA:52,0
LF:7
LH:0
BRF:0
BRH:0
end_of_record
TN:
SF:src/organisms/CabecarioMobile.jsx
FN:26,(anonymous_0)
FN:32,CabecarioMobile
FN:37,(anonymous_2)
FN:41,(anonymous_3)
FN:51,(anonymous_4)
FN:52,(anonymous_5)
FN:57,(anonymous_6)
FN:61,(anonymous_7)
FN:74,(anonymous_8)
FN:80,(anonymous_9)
FN:88,(anonymous_10)
FN:95,(anonymous_11)
FN:101,(anonymous_12)
FN:107,(anonymous_13)
FN:116,(anonymous_14)
FNF:15
FNH:0
FNDA:0,(anonymous_0)
FNDA:0,CabecarioMobile
FNDA:0,(anonymous_2)
FNDA:0,(anonymous_3)
FNDA:0,(anonymous_4)
FNDA:0,(anonymous_5)
FNDA:0,(anonymous_6)
FNDA:0,(anonymous_7)
FNDA:0,(anonymous_8)
FNDA:0,(anonymous_9)
FNDA:0,(anonymous_10)
FNDA:0,(anonymous_11)
FNDA:0,(anonymous_12)
FNDA:0,(anonymous_13)
FNDA:0,(anonymous_14)
DA:26,0
DA:33,0
DA:34,0
DA:35,0
DA:36,0
DA:37,0
DA:38,0
DA:41,0
DA:42,0
DA:45,0
DA:57,0
DA:62,0
DA:63,0
DA:74,0
DA:80,0
DA:88,0
DA:95,0
DA:101,0
DA:107,0
DA:116,0
LF:20
LH:0
BRDA:58,0,0,0
BRDA:58,0,1,0
BRDA:72,1,0,0
BRDA:72,1,1,0
BRF:4
BRH:0
end_of_record
TN:
SF:src/organisms/CardCarousel.jsx
FN:10,(anonymous_0)
FN:40,CardCarousel
FN:44,handlerCardClick
FNF:3
FNH:0
FNDA:0,(anonymous_0)
FNDA:0,CardCarousel
FNDA:0,handlerCardClick
DA:10,0
DA:41,0
DA:42,0
DA:45,0
DA:46,0
DA:47,0
DA:50,0
DA:75,0
LF:8
LH:0
BRDA:54,0,0,0
BRDA:54,0,1,0
BRF:2
BRH:0
end_of_record
TN:
SF:src/organisms/CarrosselOfertas.jsx
FN:11,(anonymous_0)
FN:23,CarrosselOfertas
FN:46,(anonymous_2)
FN:52,(anonymous_3)
FNF:4
FNH:0
FNDA:0,(anonymous_0)
FNDA:0,CarrosselOfertas
FNDA:0,(anonymous_2)
FNDA:0,(anonymous_3)
DA:11,0
DA:24,0
DA:25,0
DA:26,0
DA:37,0
DA:47,0
DA:52,0
LF:7
LH:0
BRF:0
BRH:0
end_of_record
TN:
SF:src/organisms/Franquia.jsx
FN:10,(anonymous_0)
FN:91,Franquia
FNF:2
FNH:0
FNDA:0,(anonymous_0)
FNDA:0,Franquia
DA:10,0
DA:92,0
DA:94,0
LF:3
LH:0
BRF:0
BRH:0
end_of_record
TN:
SF:src/organisms/NovoProduto.jsx
FN:10,(anonymous_0)
FN:98,NovoProduto
FNF:2
FNH:0
FNDA:0,(anonymous_0)
FNDA:0,NovoProduto
DA:10,0
DA:99,0
DA:100,0
LF:3
LH:0
BRF:0
BRH:0
end_of_record
TN:
SF:src/pages/About.jsx
FN:10,(anonymous_0)
FN:22,Aboutus
FNF:2
FNH:0
FNDA:0,(anonymous_0)
FNDA:0,Aboutus
DA:10,0
DA:23,0
DA:24,0
LF:3
LH:0
BRF:0
BRH:0
end_of_record
TN:
SF:src/pages/Compra.jsx
FN:18,(anonymous_0)
FN:39,Compra
FN:44,handleChange
FN:50,quantidadesPossiveis
FN:61,handlerTrashIconClick
FN:70,(anonymous_5)
FN:101,(anonymous_6)
FN:115,(anonymous_7)
FNF:8
FNH:0
FNDA:0,(anonymous_0)
FNDA:0,Compra
FNDA:0,handleChange
FNDA:0,quantidadesPossiveis
FNDA:0,handlerTrashIconClick
FNDA:0,(anonymous_5)
FNDA:0,(anonymous_6)
FNDA:0,(anonymous_7)
DA:18,0
DA:41,0
DA:42,0
DA:45,0
DA:46,0
DA:47,0
DA:51,0
DA:52,0
DA:53,0
DA:59,0
DA:62,0
DA:63,0
DA:66,0
DA:71,0
DA:101,0
DA:115,0
LF:16
LH:0
BRF:0
BRH:0
end_of_record
TN:
SF:src/pages/Login.jsx
FN:21,(anonymous_0)
FN:57,(anonymous_1)
FN:79,(anonymous_2)
FN:83,(anonymous_3)
FN:87,(anonymous_4)
FN:96,(anonymous_5)
FN:112,(anonymous_6)
FN:116,(anonymous_7)
FN:148,(anonymous_8)
FN:156,(anonymous_9)
FNF:10
FNH:0
FNDA:0,(anonymous_0)
FNDA:0,(anonymous_1)
FNDA:0,(anonymous_2)
FNDA:0,(anonymous_3)
FNDA:0,(anonymous_4)
FNDA:0,(anonymous_5)
FNDA:0,(anonymous_6)
FNDA:0,(anonymous_7)
FNDA:0,(anonymous_8)
FNDA:0,(anonymous_9)
DA:21,0
DA:22,0
DA:55,0
DA:58,0
DA:60,0
DA:71,0
DA:72,0
DA:73,0
DA:74,0
DA:75,0
DA:80,0
DA:84,0
DA:88,0
DA:89,0
DA:90,0
DA:92,0
DA:97,0
DA:98,0
DA:99,0
DA:100,0
DA:101,0
DA:102,0
DA:103,0
DA:104,0
DA:105,0
DA:106,0
DA:107,0
DA:109,0
DA:110,0
DA:111,0
DA:113,0
DA:114,0
DA:117,0
DA:119,0
DA:123,0
DA:125,0
DA:129,0
DA:131,0
DA:135,0
DA:137,0
DA:138,0
DA:139,0
DA:143,0
DA:149,0
DA:150,0
DA:151,0
DA:152,0
DA:153,0
DA:166,0
DA:167,0
DA:168,0
DA:254,0
LF:52
LH:0
BRDA:89,0,0,0
BRDA:89,0,1,0
BRDA:100,1,0,0
BRDA:100,1,1,0
BRDA:100,2,0,0
BRDA:100,2,1,0
BRDA:101,3,0,0
BRDA:101,3,1,0
BRDA:104,4,0,0
BRDA:104,4,1,0
BRDA:113,5,0,0
BRDA:113,5,1,0
BRDA:117,6,0,0
BRDA:117,6,1,0
BRDA:117,6,2,0
BRDA:117,6,3,0
BRDA:152,7,0,0
BRDA:152,7,1,0
BRF:18
BRH:0
end_of_record
TN:
SF:src/pages/Produtos.jsx
FN:11,(anonymous_0)
FN:34,Produtos
FN:38,(anonymous_2)
FN:39,(anonymous_3)
FN:49,(anonymous_4)
FNF:5
FNH:0
FNDA:0,(anonymous_0)
FNDA:0,Produtos
FNDA:0,(anonymous_2)
FNDA:0,(anonymous_3)
FNDA:0,(anonymous_4)
DA:11,0
DA:35,0
DA:36,0
DA:37,0
DA:38,0
DA:39,0
DA:40,0
DA:43,0
DA:50,0
LF:9
LH:0
BRF:0
BRH:0
end_of_record
TN:
SF:src/pages/SignIn.jsx
FN:21,(anonymous_0)
FN:57,(anonymous_1)
FN:86,(anonymous_2)
FN:90,(anonymous_3)
FN:94,(anonymous_4)
FN:98,(anonymous_5)
FN:110,(anonymous_6)
FN:125,(anonymous_7)
FN:149,(anonymous_8)
FN:152,(anonymous_9)
FN:170,(anonymous_10)
FNF:11
FNH:0
FNDA:0,(anonymous_0)
FNDA:0,(anonymous_1)
FNDA:0,(anonymous_2)
FNDA:0,(anonymous_3)
FNDA:0,(anonymous_4)
FNDA:0,(anonymous_5)
FNDA:0,(anonymous_6)
FNDA:0,(anonymous_7)
FNDA:0,(anonymous_8)
FNDA:0,(anonymous_9)
FNDA:0,(anonymous_10)
DA:21,0
DA:22,0
DA:55,0
DA:58,0
DA:60,0
DA:76,0
DA:77,0
DA:78,0
DA:79,0
DA:81,0
DA:83,0
DA:87,0
DA:91,0
DA:95,0
DA:99,0
DA:100,0
DA:101,0
DA:106,0
DA:111,0
DA:112,0
DA:113,0
DA:118,0
DA:126,0
DA:127,0
DA:128,0
DA:132,0
DA:134,0
DA:135,0
DA:136,0
DA:137,0
DA:138,0
DA:139,0
DA:140,0
DA:141,0
DA:142,0
DA:143,0
DA:146,0
DA:147,0
DA:148,0
DA:150,0
DA:153,0
DA:155,0
DA:159,0
DA:161,0
DA:165,0
DA:185,0
DA:186,0
DA:187,0
DA:280,0
LF:49
LH:0
BRDA:100,0,0,0
BRDA:100,0,1,0
BRDA:112,1,0,0
BRDA:112,1,1,0
BRDA:127,2,0,0
BRDA:127,2,1,0
BRDA:136,3,0,0
BRDA:136,3,1,0
BRDA:136,4,0,0
BRDA:136,4,1,0
BRDA:137,5,0,0
BRDA:137,5,1,0
BRDA:140,6,0,0
BRDA:140,6,1,0
BRDA:153,7,0,0
BRDA:153,7,1,0
BRF:16
BRH:0
end_of_record
TN:
SF:src/pages/VerificarEmail.jsx
FN:12,(anonymous_0)
FN:46,VerificarEmail
FN:59,handlerBtnEnviarEmail
FN:90,(anonymous_3)
FN:106,(anonymous_4)
FNF:5
FNH:0
FNDA:0,(anonymous_0)
FNDA:0,VerificarEmail
FNDA:0,handlerBtnEnviarEmail
FNDA:0,(anonymous_3)
FNDA:0,(anonymous_4)
DA:12,0
DA:47,0
DA:48,0
DA:49,0
DA:50,0
DA:51,0
DA:52,0
DA:53,0
DA:60,0
DA:61,0
DA:63,0
DA:90,0
DA:106,0
LF:13
LH:0
BRDA:51,0,0,0
BRDA:51,0,1,0
BRDA:51,1,0,0
BRDA:51,1,1,0
BRDA:84,2,0,0
BRDA:84,2,1,0
BRDA:96,3,0,0
BRDA:96,3,1,0
BRF:8
BRH:0
end_of_record
TN:
SF:src/pages/[produto].jsx
FN:13,(anonymous_0)
FN:36,Produto
FN:45,(anonymous_2)
FN:46,(anonymous_3)
FN:47,(anonymous_4)
FNF:5
FNH:0
FNDA:0,(anonymous_0)
FNDA:0,Produto
FNDA:0,(anonymous_2)
FNDA:0,(anonymous_3)
FNDA:0,(anonymous_4)
DA:13,0
DA:37,0
DA:38,0
DA:39,0
DA:40,0
DA:41,0
DA:42,0
DA:45,0
DA:46,0
DA:47,0
DA:48,0
DA:49,0
DA:50,0
DA:52,0
DA:57,0
LF:15
LH:0
BRDA:48,0,0,0
BRDA:48,0,1,0
BRF:2
BRH:0
end_of_record
TN:
SF:src/pages/_app.jsx
FN:12,App
FN:13,(anonymous_1)
FNF:2
FNH:0
FNDA:0,App
FNDA:0,(anonymous_1)
DA:13,0
DA:14,0
DA:15,0
DA:16,0
DA:19,0
DA:49,0
LF:6
LH:0
BRDA:15,0,0,0
BRDA:15,0,1,0
BRF:2
BRH:0
end_of_record
TN:
SF:src/pages/_document.jsx
FN:7,(anonymous_0)
FN:26,(anonymous_1)
FN:30,(anonymous_2)
FN:32,(anonymous_3)
FN:32,(anonymous_4)
FNF:5
FNH:0
FNDA:0,(anonymous_0)
FNDA:0,(anonymous_1)
FNDA:0,(anonymous_2)
FNDA:0,(anonymous_3)
FNDA:0,(anonymous_4)
DA:8,0
DA:26,0
DA:27,0
DA:28,0
DA:30,0
DA:31,0
DA:32,0
DA:35,0
DA:37,0
LF:9
LH:0
BRF:0
BRH:0
end_of_record
TN:
SF:src/pages/index.jsx
FN:9,(anonymous_0)
FN:19,Home
FNF:2
FNH:0
FNDA:0,(anonymous_0)
FNDA:0,Home
DA:9,0
DA:20,0
DA:21,0
LF:3
LH:0
BRF:0
BRH:0
end_of_record
TN:
SF:src/templates/Cabecario.jsx
FN:8,(anonymous_0)
FN:14,Cabecario
FNF:2
FNH:0
FNDA:0,(anonymous_0)
FNDA:0,Cabecario
DA:8,0
DA:15,0
DA:16,0
LF:3
LH:0
BRF:0
BRH:0
end_of_record
TN:
SF:src/templates/Ofertas.jsx
FN:16,Ofertas
FN:19,(anonymous_1)
FN:20,(anonymous_2)
FN:26,(anonymous_3)
FNF:4
FNH:0
FNDA:0,Ofertas
FNDA:0,(anonymous_1)
FNDA:0,(anonymous_2)
FNDA:0,(anonymous_3)
DA:8,0
DA:17,0
DA:18,0
DA:19,0
DA:20,0
DA:21,0
DA:24,0
DA:27,0
LF:8
LH:0
BRF:0
BRH:0
end_of_record
